#
# There is insufficient memory for the Java Runtime Environment to continue.
# Native memory allocation (mmap) failed to map 65536 bytes for Failed to commit metaspace.
# Possible reasons:
#   The system is out of physical RAM or swap space
#   The process is running with CompressedOops enabled, and the Java Heap may be blocking the growth of the native heap
# Possible solutions:
#   Reduce memory load on the system
#   Increase physical memory or swap space
#   Check if swap backing store is full
#   Decrease Java heap size (-Xmx/-Xms)
#   Decrease number of Java threads
#   Decrease Java thread stack sizes (-Xss)
#   Set larger code cache with -XX:ReservedCodeCacheSize=
#   JVM is running with Unscaled Compressed Oops mode in which the Java heap is
#     placed in the first 4GB address space. The Java Heap base address is the
#     maximum limit for the native heap growth. Please use -XX:HeapBaseMinAddress
#     to set the Java Heap base and to place the Java Heap above 4GB virtual address.
# This output file may be truncated or incomplete.
#
#  Out of Memory Error (virtualSpaceNode.cpp:112), pid=15788, tid=11968
#
# JRE version: Java(TM) SE Runtime Environment (21.0.3+7) (build 21.0.3+7-LTS-152)
# Java VM: Java HotSpot(TM) 64-Bit Server VM (21.0.3+7-LTS-152, mixed mode, sharing, tiered, compressed oops, compressed class ptrs, g1 gc, windows-amd64)
# No core dump will be written. Minidumps are not enabled by default on client versions of Windows
#

---------------  S U M M A R Y ------------

Command Line: -Xmx64m -Xms64m -Dorg.gradle.appname=gradlew org.gradle.wrapper.GradleWrapperMain app:installDebug -PreactNativeDevServerPort=8081

Host: Intel(R) Core(TM) i5-7200U CPU @ 2.50GHz, 4 cores, 11G,  Windows 10 , 64 bit Build 19041 (10.0.19041.3636)
Time: Tue Jun 11 23:40:11 2024 SE Asia Standard Time elapsed time: 44.303054 seconds (0d 0h 0m 44s)

---------------  T H R E A D  ---------------

Current thread (0x0000023501a9ed20):  JavaThread "main"             [_thread_in_vm, id=11968, stack(0x000000489ea00000,0x000000489eb00000) (1024K)]

Stack: [0x000000489ea00000,0x000000489eb00000]
Native frames: (J=compiled Java code, j=interpreted, Vv=VM code, C=native code)
V  [jvm.dll+0x6c63b9]
V  [jvm.dll+0x84fa11]
V  [jvm.dll+0x851f3e]
V  [jvm.dll+0x852613]
V  [jvm.dll+0x27cd46]
V  [jvm.dll+0x84b63e]
V  [jvm.dll+0x66a1b5]
V  [jvm.dll+0x1e399c]
V  [jvm.dll+0x1e376e]
V  [jvm.dll+0x66cae3]
V  [jvm.dll+0x66c902]
V  [jvm.dll+0x66ab8e]
V  [jvm.dll+0x215cd1]
V  [jvm.dll+0x20a9d7]
V  [jvm.dll+0x5a969c]
V  [jvm.dll+0x7c9e66]
V  [jvm.dll+0x46d4d0]
V  [jvm.dll+0x473328]
C  [java.dll+0x17ec]

Java frames: (J=compiled Java code, j=interpreted, Vv=VM code)
J 846  java.lang.ClassLoader.defineClass1(Ljava/lang/ClassLoader;Ljava/lang/String;[BIILjava/security/ProtectionDomain;Ljava/lang/String;)Ljava/lang/Class; java.base@21.0.3 (0 bytes) @ 0x0000023513323611 [0x0000023513323540+0x00000000000000d1]
J 974 c1 java.lang.ClassLoader.defineClass(Ljava/lang/String;[BIILjava/security/ProtectionDomain;)Ljava/lang/Class; java.base@21.0.3 (43 bytes) @ 0x000002350b9d3bfc [0x000002350b9d38a0+0x000000000000035c]
J 969 c1 java.security.SecureClassLoader.defineClass(Ljava/lang/String;[BIILjava/security/CodeSource;)Ljava/lang/Class; java.base@21.0.3 (16 bytes) @ 0x000002350b9d259c [0x000002350b9d24c0+0x00000000000000dc]
J 932 c1 java.net.URLClassLoader.defineClass(Ljava/lang/String;Ljdk/internal/loader/Resource;)Ljava/lang/Class; java.base@21.0.3 (224 bytes) @ 0x000002350b9bc204 [0x000002350b9baa80+0x0000000000001784]
J 812 c1 java.net.URLClassLoader$1.run()Ljava/lang/Class; java.base@21.0.3 (81 bytes) @ 0x000002350b9729ac [0x000002350b971d40+0x0000000000000c6c]
J 811 c1 java.net.URLClassLoader$1.run()Ljava/lang/Object; java.base@21.0.3 (5 bytes) @ 0x000002350b9717d4 [0x000002350b971740+0x0000000000000094]
J 653 c1 java.security.AccessController.doPrivileged(Ljava/security/PrivilegedExceptionAction;Ljava/security/AccessControlContext;)Ljava/lang/Object; java.base@21.0.3 (26 bytes) @ 0x000002350b920014 [0x000002350b91fe20+0x00000000000001f4]
J 749 c1 java.net.URLClassLoader.findClass(Ljava/lang/String;)Ljava/lang/Class; java.base@21.0.3 (47 bytes) @ 0x000002350b9575c4 [0x000002350b957420+0x00000000000001a4]
J 644 c1 java.lang.ClassLoader.loadClass(Ljava/lang/String;Z)Ljava/lang/Class; java.base@21.0.3 (121 bytes) @ 0x000002350b91a0c4 [0x000002350b919ae0+0x00000000000005e4]
J 755 c1 java.lang.ClassLoader.loadClass(Ljava/lang/String;)Ljava/lang/Class; java.base@21.0.3 (7 bytes) @ 0x000002350b959b54 [0x000002350b959a40+0x0000000000000114]
v  ~StubRoutines::call_stub 0x0000023512d3100d
j  org.gradle.internal.buildevents.BuildExceptionReporter.fillInFailureResolution(Lorg/gradle/internal/buildevents/BuildExceptionReporter$FailureDetails;)V+17
j  org.gradle.internal.buildevents.BuildExceptionReporter.constructFailureDetails(Ljava/lang/String;Ljava/lang/Throwable;)Lorg/gradle/internal/buildevents/BuildExceptionReporter$FailureDetails;+33
j  org.gradle.internal.buildevents.BuildExceptionReporter.renderSingleBuildException(Ljava/lang/Throwable;)V+19
j  org.gradle.internal.buildevents.BuildExceptionReporter.execute(Ljava/lang/Throwable;)V+20
j  org.gradle.internal.buildevents.BuildExceptionReporter.execute(Ljava/lang/Object;)V+5
j  org.gradle.launcher.cli.ExceptionReportingAction.execute(Lorg/gradle/launcher/bootstrap/ExecutionListener;)V+89
j  org.gradle.launcher.cli.ExceptionReportingAction.execute(Ljava/lang/Object;)V+5
j  org.gradle.launcher.cli.DefaultCommandLineActionFactory$WithLogging.execute(Lorg/gradle/launcher/bootstrap/ExecutionListener;)V+299
j  org.gradle.launcher.Main.doAction([Ljava/lang/String;Lorg/gradle/launcher/bootstrap/ExecutionListener;)V+14
j  org.gradle.launcher.bootstrap.EntryPoint.run([Ljava/lang/String;)V+12
j  java.lang.invoke.DirectMethodHandle$Holder.invokeVirtual(Ljava/lang/Object;Ljava/lang/Object;Ljava/lang/Object;)V+11 java.base@21.0.3
j  java.lang.invoke.LambdaForm$MH+0x000002351f016800.invoke(Ljava/lang/Object;Ljava/lang/Object;Ljava/lang/Object;)Ljava/lang/Object;+52 java.base@21.0.3
j  java.lang.invoke.Invokers$Holder.invokeExact_MT(Ljava/lang/Object;Ljava/lang/Object;Ljava/lang/Object;Ljava/lang/Object;)Ljava/lang/Object;+20 java.base@21.0.3
j  jdk.internal.reflect.DirectMethodHandleAccessor.invokeImpl(Ljava/lang/Object;[Ljava/lang/Object;)Ljava/lang/Object;+55 java.base@21.0.3
j  jdk.internal.reflect.DirectMethodHandleAccessor.invoke(Ljava/lang/Object;[Ljava/lang/Object;)Ljava/lang/Object;+23 java.base@21.0.3
j  java.lang.reflect.Method.invoke(Ljava/lang/Object;[Ljava/lang/Object;)Ljava/lang/Object;+102 java.base@21.0.3
j  org.gradle.launcher.bootstrap.ProcessBootstrap.runNoExit(Ljava/lang/String;[Ljava/lang/String;)V+155
j  org.gradle.launcher.bootstrap.ProcessBootstrap.run(Ljava/lang/String;[Ljava/lang/String;)V+2
j  java.lang.invoke.LambdaForm$DMH+0x000002351f008400.invokeStatic(Ljava/lang/Object;Ljava/lang/Object;Ljava/lang/Object;)V+11 java.base@21.0.3
j  java.lang.invoke.LambdaForm$MH+0x000002351f009c00.invoke(Ljava/lang/Object;Ljava/lang/Object;Ljava/lang/Object;Ljava/lang/Object;)Ljava/lang/Object;+54 java.base@21.0.3
j  java.lang.invoke.LambdaForm$MH+0x000002351f00a000.invokeExact_MT(Ljava/lang/Object;Ljava/lang/Object;Ljava/lang/Object;Ljava/lang/Object;Ljava/lang/Object;)Ljava/lang/Object;+22 java.base@21.0.3
j  jdk.internal.reflect.DirectMethodHandleAccessor.invokeImpl(Ljava/lang/Object;[Ljava/lang/Object;)Ljava/lang/Object;+72 java.base@21.0.3
j  jdk.internal.reflect.DirectMethodHandleAccessor.invoke(Ljava/lang/Object;[Ljava/lang/Object;)Ljava/lang/Object;+23 java.base@21.0.3
j  java.lang.reflect.Method.invoke(Ljava/lang/Object;[Ljava/lang/Object;)Ljava/lang/Object;+102 java.base@21.0.3
j  org.gradle.launcher.GradleMain.main([Ljava/lang/String;)V+100
j  java.lang.invoke.LambdaForm$DMH+0x000002351f004400.invokeStatic(Ljava/lang/Object;Ljava/lang/Object;)V+10 java.base@21.0.3
j  java.lang.invoke.LambdaForm$MH+0x000002351f008000.invoke(Ljava/lang/Object;Ljava/lang/Object;Ljava/lang/Object;)Ljava/lang/Object;+33 java.base@21.0.3
j  java.lang.invoke.Invokers$Holder.invokeExact_MT(Ljava/lang/Object;Ljava/lang/Object;Ljava/lang/Object;Ljava/lang/Object;)Ljava/lang/Object;+20 java.base@21.0.3
j  jdk.internal.reflect.DirectMethodHandleAccessor.invokeImpl(Ljava/lang/Object;[Ljava/lang/Object;)Ljava/lang/Object;+55 java.base@21.0.3
j  jdk.internal.reflect.DirectMethodHandleAccessor.invoke(Ljava/lang/Object;[Ljava/lang/Object;)Ljava/lang/Object;+23 java.base@21.0.3
j  java.lang.reflect.Method.invoke(Ljava/lang/Object;[Ljava/lang/Object;)Ljava/lang/Object;+102 java.base@21.0.3
j  org.gradle.wrapper.BootstrapMainStarter.start([Ljava/lang/String;Ljava/io/File;)V+105
j  org.gradle.wrapper.WrapperExecutor.execute([Ljava/lang/String;Lorg/gradle/wrapper/Install;Lorg/gradle/wrapper/BootstrapMainStarter;)V+14
j  org.gradle.wrapper.GradleWrapperMain.main([Ljava/lang/String;)V+206
v  ~StubRoutines::call_stub 0x0000023512d3100d

Compiled method (n/a)   44348  846     n 0       java.lang.ClassLoader::defineClass1 (native)
 total in heap  [0x0000023513323390,0x00000235133239f0] = 1632
 relocation     [0x00000235133234f0,0x0000023513323528] = 56
 main code      [0x0000023513323540,0x00000235133239ef] = 1199
 stub code      [0x00000235133239ef,0x00000235133239f0] = 1

[Constant Pool (empty)]

[MachCode]
[Entry Point]
  # {method} {0x000002351e43cd80} 'defineClass1' '(Ljava/lang/ClassLoader;Ljava/lang/String;[BIILjava/security/ProtectionDomain;Ljava/lang/String;)Ljava/lang/Class;' in 'java/lang/ClassLoader'
  # parm0:    rdx:rdx   = 'java/lang/ClassLoader'
  # parm1:    r8:r8     = 'java/lang/String'
  # parm2:    r9:r9     = '[B'
  # parm3:    rdi       = int
  # parm4:    rsi       = int
  # parm5:    rcx:rcx   = 'java/security/ProtectionDomain'
  # parm6:    [sp+0xa0]   = 'java/lang/String'  (sp of caller)
  0x0000023513323540: 448b 5208 | 49bb 0000 | 001e 3502 | 0000 4d03 | d349 3bc2 | 0f84 0600 

  0x0000023513323558: ;   {runtime_call ic_miss_stub}
  0x0000023513323558: 0000 e921 | b2a5 ff90 
[Verified Entry Point]
  0x0000023513323560: 8984 2400 | 80ff ff55 | 488b ec48 | 81ec 9000 | 0000 6690 | 4181 7f20 | 0100 0000 

  0x000002351332357c: ;   {runtime_call StubRoutines (final stubs)}
  0x000002351332357c: 7405 e8dd | 17a4 ff48 | 837d 1000 | 488d 4510 | 480f 4445 | 1048 8944 | 2440 4889 | 4c24 7048 
  0x000002351332359c: 83f9 0048 | 8d44 2470 | 480f 4444 | 2470 4889 | 4424 3848 | 8974 2430 | 4889 7c24 | 284c 894c 
  0x00000235133235bc: 2458 4983 | f900 488d | 4424 5848 | 0f44 4424 | 5848 8944 | 2420 4c89 | 4424 5049 | 83f8 004c 
  0x00000235133235dc: 8d4c 2450 | 4c0f 444c | 2450 4889 | 5424 4848 | 83fa 004c | 8d44 2448 | 4c0f 4444 

  0x00000235133235f8: ;   {oop(a 'java/lang/Class'{0x00000000fc0eb900} = 'java/lang/ClassLoader')}
  0x00000235133235f8: 2448 49be | 00b9 0efc | 0000 0000 | 4c89 7424 | 784c 8d74 | 2478 498b | d6c5 f877 

  0x0000023513323614: ;   {internal_word}
  0x0000023513323614: 49ba 1136 | 3213 3502 | 0000 4d89 | 97a0 0300 | 0049 89a7 | 9803 0000 

  0x000002351332362c: ;   {external_word}
  0x000002351332362c: 49ba f0a6 | b3a2 fa7f | 0000 4180 | 3a00 0f84 | 4e00 0000 | 5241 5041 

  0x0000023513323644: ;   {metadata({method} {0x000002351e43cd80} 'defineClass1' '(Ljava/lang/ClassLoader;Ljava/lang/String;[BIILjava/security/ProtectionDomain;Ljava/lang/String;)Ljava/lang/Class;' in 'java/lang/ClassLoader')}
  0x0000023513323644: 5148 ba78 | cd43 1e35 | 0200 0049 | 8bcf 4883 | ec20 40f6 | c40f 0f84 | 1900 0000 | 4883 ec08 
  0x0000023513323664: ;   {runtime_call}
  0x0000023513323664: 48b8 20b5 | 64a2 fa7f | 0000 ffd0 | 4883 c408 | e90c 0000 

  0x0000023513323678: ;   {runtime_call}
  0x0000023513323678: 0048 b820 | b564 a2fa | 7f00 00ff | d048 83c4 | 2041 5941 | 585a 498d | 8fb8 0300 | 0041 c787 
  0x0000023513323698: 4c04 0000 | 0400 0000 

  0x00000235133236a0: ;   {runtime_call}
  0x00000235133236a0: 48b8 ac16 | 56d5 fa7f | 0000 ffd0 | c5f8 7741 | c787 4c04 | 0000 0500 | 0000 f083 | 4424 c000 
  0x00000235133236c0: 493b af50 | 0400 000f | 870e 0000 | 0041 83bf | 4804 0000 | 000f 842b | 0000 00c5 | f877 4889 
  0x00000235133236e0: 45f8 498b | cf4c 8be4 | 4883 ec20 | 4883 e4f0 

  0x00000235133236f0: ;   {runtime_call}
  0x00000235133236f0: 48b8 f07c | 30a2 fa7f | 0000 ffd0 | 498b e44d | 33e4 488b | 45f8 41c7 | 874c 0400 | 0008 0000 
  0x0000023513323710: 0041 83bf | c804 0000 | 020f 84a3 

  0x000002351332371c: ;   {external_word}
  0x000002351332371c: 0200 0049 | baf0 a6b3 | a2fa 7f00 | 0041 803a | 000f 844c | 0000 0048 

  0x0000023513323734: ;   {metadata({method} {0x000002351e43cd80} 'defineClass1' '(Ljava/lang/ClassLoader;Ljava/lang/String;[BIILjava/security/ProtectionDomain;Ljava/lang/String;)Ljava/lang/Class;' in 'java/lang/ClassLoader')}
  0x0000023513323734: 8945 f848 | ba78 cd43 | 1e35 0200 | 0049 8bcf | 4883 ec20 | 40f6 c40f | 0f84 1900 | 0000 4883 
  0x0000023513323754: ;   {runtime_call}
  0x0000023513323754: ec08 48b8 | 20b5 64a2 | fa7f 0000 | ffd0 4883 | c408 e90c 

  0x0000023513323768: ;   {runtime_call}
  0x0000023513323768: 0000 0048 | b820 b564 | a2fa 7f00 | 00ff d048 | 83c4 2048 | 8b45 f849 | c787 9803 | 0000 0000 
  0x0000023513323788: 0000 49c7 | 87a0 0300 | 0000 0000 | 00c5 f877 | 4885 c00f | 84fe 0100 | 00a8 030f | 8508 0000 
  0x00000235133237a8: 0048 8b00 | e9ee 0100 | 00a8 010f | 8509 0000 | 0048 8b40 | fee9 dd01 | 0000 488b | 40ff 4180 
  0x00000235133237c8: 7f40 000f | 84ce 0100 | 0048 83f8 | 000f 84c4 | 0100 0049 | 8b4f 2848 | 83f9 000f | 8414 0000 
  0x00000235133237e8: 0048 83e9 | 0849 894f | 2849 034f | 3848 8901 | e9a2 0100 | 0048 81ec | d000 0000 | 4889 0424 
  0x0000023513323808: 4889 4c24 | 0848 8954 | 2410 4889 | 7424 1848 | 897c 2420 | 4c89 4424 | 284c 894c | 2430 4c89 
  0x0000023513323828: 5424 384c | 895c 2440 | c5fb 1144 | 2450 c5fb | 114c 2458 | c5fb 1154 | 2460 c5fb | 115c 2468 
  0x0000023513323848: c5fb 1164 | 2470 c5fb | 116c 2478 | c5fb 11b4 | 2480 0000 | 00c5 fb11 | bc24 8800 | 0000 c57b 
  0x0000023513323868: ;   {no_reloc}
  0x0000023513323868: 1184 2490 | 0000 00c5 | 7b11 8c24 | 9800 0000 | c57b 1194 | 24a0 0000 | 00c5 7b11 | 9c24 a800 
  0x0000023513323888: 0000 c57b | 11a4 24b0 | 0000 00c5 | 7b11 ac24 | b800 0000 | c57b 11b4 | 24c0 0000 | 00c5 7b11 
  0x00000235133238a8: bc24 c800 | 0000 498b | d748 8bc8 | 4883 ec20 | 40f6 c40f | 0f84 1900 | 0000 4883 

  0x00000235133238c4: ;   {runtime_call}
  0x00000235133238c4: ec08 48b8 | f0d9 23a2 | fa7f 0000 | ffd0 4883 | c408 e90c 

  0x00000235133238d8: ;   {runtime_call}
  0x00000235133238d8: 0000 0048 | b8f0 d923 | a2fa 7f00 | 00ff d048 | 83c4 20c5 | 7b10 bc24 | c800 0000 | c57b 10b4 
  0x00000235133238f8: 24c0 0000 | 00c5 7b10 | ac24 b800 | 0000 c57b | 10a4 24b0 | 0000 00c5 | 7b10 9c24 | a800 0000 
  0x0000023513323918: c57b 1094 | 24a0 0000 | 00c5 7b10 | 8c24 9800 | 0000 c57b | 1084 2490 | 0000 00c5 | fb10 bc24 
  0x0000023513323938: 8800 0000 | c5fb 10b4 | 2480 0000 | 00c5 fb10 | 6c24 78c5 | fb10 6424 | 70c5 fb10 | 5c24 68c5 
  0x0000023513323958: fb10 5424 | 60c5 fb10 | 4c24 58c5 | fb10 4424 | 504c 8b5c | 2440 4c8b | 5424 384c | 8b4c 2430 
  0x0000023513323978: 4c8b 4424 | 2848 8b7c | 2420 488b | 7424 1848 | 8b54 2410 | 488b 4c24 | 0848 8b04 | 2448 81c4 
  0x0000023513323998: d000 0000 | c5f8 7749 | 8b8f 2804 | 0000 c781 | 0001 0000 | 0000 0000 | c949 837f | 0800 0f85 
  0x00000235133239b8: 0100 0000 

  0x00000235133239bc: ;   {runtime_call StubRoutines (initial stubs)}
  0x00000235133239bc: c3e9 3ed5 | a0ff c5f8 | 7748 8945 | f84c 8be4 | 4883 ec20 | 4883 e4f0 

  0x00000235133239d4: ;   {runtime_call}
  0x00000235133239d4: 48b8 10ed | 64a2 fa7f | 0000 ffd0 | 498b e44d | 33e4 488b | 45f8 e930 | fdff fff4 
[/MachCode]


Compiled method (c1)   44367  974       3       java.lang.ClassLoader::defineClass (43 bytes)
 total in heap  [0x000002350b9d3690,0x000002350b9d3fe8] = 2392
 relocation     [0x000002350b9d37f0,0x000002350b9d3890] = 160
 main code      [0x000002350b9d38a0,0x000002350b9d3d40] = 1184
 stub code      [0x000002350b9d3d40,0x000002350b9d3db8] = 120
 metadata       [0x000002350b9d3db8,0x000002350b9d3de8] = 48
 scopes data    [0x000002350b9d3de8,0x000002350b9d3ed8] = 240
 scopes pcs     [0x000002350b9d3ed8,0x000002350b9d3fb8] = 224
 dependencies   [0x000002350b9d3fb8,0x000002350b9d3fc0] = 8
 nul chk table  [0x000002350b9d3fc0,0x000002350b9d3fe8] = 40

[Constant Pool (empty)]

[MachCode]
[Entry Point]
  # {method} {0x000002351e43d100} 'defineClass' '(Ljava/lang/String;[BIILjava/security/ProtectionDomain;)Ljava/lang/Class;' in 'java/lang/ClassLoader'
  # this:     rdx:rdx   = 'java/lang/ClassLoader'
  # parm0:    r8:r8     = 'java/lang/String'
  # parm1:    r9:r9     = '[B'
  # parm2:    rdi       = int
  # parm3:    rsi       = int
  # parm4:    rcx:rcx   = 'java/security/ProtectionDomain'
  #           [sp+0xc0]  (sp of caller)
  0x000002350b9d38a0: 448b 5208 | 49bb 0000 | 001e 3502 | 0000 4d03 | d34c 3bd0 

  0x000002350b9d38b4: ;   {runtime_call ic_miss_stub}
  0x000002350b9d38b4: 0f85 c6ae | 3a07 660f | 1f44 0000 
[Verified Entry Point]
  0x000002350b9d38c0: 8984 2400 | 80ff ff55 | 4881 ecb0 | 0000 0090 | 4181 7f20 | 0100 0000 

  0x000002350b9d38d8: ;   {runtime_call StubRoutines (final stubs)}
  0x000002350b9d38d8: 7405 e881 | 1439 0748 | 8954 2478 

  0x000002350b9d38e4: ;   {metadata(method data for {method} {0x000002351e43d100} 'defineClass' '(Ljava/lang/String;[BIILjava/security/ProtectionDomain;)Ljava/lang/Class;' in 'java/lang/ClassLoader')}
  0x000002350b9d38e4: 48bb 1045 | 1d5f 3502 | 0000 8b83 | cc00 0000 | 83c0 0289 | 83cc 0000 | 0025 fe07 | 0000 85c0 
  0x000002350b9d3904: 0f84 5803 | 0000 89b4 | 2494 0000 | 0089 bc24 | 9000 0000 | 4c89 8c24 | 8800 0000 

  0x000002350b9d3920: ;   {metadata(method data for {method} {0x000002351e43d100} 'defineClass' '(Ljava/lang/String;[BIILjava/security/ProtectionDomain;)Ljava/lang/Class;' in 'java/lang/ClassLoader')}
  0x000002350b9d3920: 488b da48 | b810 451d | 5f35 0200 | 0048 8380 | 1001 0000 | 0149 8bd8 | 4c8b c34c | 8bc9 488b 
  0x000002350b9d3940: ca48 8bd1 | 4889 9c24 | 8000 0000 

  0x000002350b9d394c: ;   {optimized virtual_call}
  0x000002350b9d394c: 6666 90e8 

  0x000002350b9d3950: ; ImmutableOopMap {[120]=Oop [128]=Oop [136]=Oop }
                      ;*invokevirtual preDefineClass {reexecute=0 rethrow=0 return_oop=0}
                      ; - java.lang.ClassLoader::defineClass@4 (line 1025)
  0x000002350b9d3950: 4c0a 0000 

  0x000002350b9d3954: ;   {other}
  0x000002350b9d3954: 0f1f 8400 | c402 0000 | 4889 8424 | 9800 0000 | 488b 5424 

  0x000002350b9d3968: ;   {metadata(method data for {method} {0x000002351e43d100} 'defineClass' '(Ljava/lang/String;[BIILjava/security/ProtectionDomain;)Ljava/lang/Class;' in 'java/lang/ClassLoader')}
  0x000002350b9d3968: 7849 b810 | 451d 5f35 | 0200 0049 | 8380 4801 

  0x000002350b9d3978: ;   {metadata(method data for {method} {0x000002351e43cde8} 'defineClassSourceLocation' '(Ljava/security/ProtectionDomain;)Ljava/lang/String;' in 'java/lang/ClassLoader')}
  0x000002350b9d3978: 0000 0149 | b8a8 501d | 5f35 0200 | 0041 8b90 | cc00 0000 | 83c2 0241 | 8990 cc00 | 0000 81e2 
  0x000002350b9d3998: feff 1f00 | 85d2 0f84 | df02 0000 

  0x000002350b9d39a4: ; implicit exception: dispatches to 0x000002350b9d3ca4
  0x000002350b9d39a4: 483b 004c 

  0x000002350b9d39a8: ;   {metadata(method data for {method} {0x000002351e43cde8} 'defineClassSourceLocation' '(Ljava/security/ProtectionDomain;)Ljava/lang/String;' in 'java/lang/ClassLoader')}
  0x000002350b9d39a8: 8bc0 48ba | a850 1d5f | 3502 0000 | 4883 8210 | 0100 0001 | 448b 4010 

  0x000002350b9d39c0: ;   {metadata(method data for {method} {0x000002351e43cde8} 'defineClassSourceLocation' '(Ljava/security/ProtectionDomain;)Ljava/lang/String;' in 'java/lang/ClassLoader')}
  0x000002350b9d39c0: 4d85 c048 | baa8 501d | 5f35 0200 | 0048 be58 | 0100 0000 | 0000 0075 | 0a48 be48 | 0100 0000 
  0x000002350b9d39e0: 0000 0048 | 8b3c 3248 | 8d7f 0148 | 893c 320f | 850f 0000 

  0x000002350b9d39f4: ;   {oop(nullptr)}
  0x000002350b9d39f4: 0048 bb00 | 0000 0000 | 0000 00e9 | a301 0000 

  0x000002350b9d3a04: ; implicit exception: dispatches to 0x000002350b9d3ca9
  0x000002350b9d3a04: 493b 0049 

  0x000002350b9d3a08: ;   {metadata(method data for {method} {0x000002351e43cde8} 'defineClassSourceLocation' '(Ljava/security/ProtectionDomain;)Ljava/lang/String;' in 'java/lang/ClassLoader')}
  0x000002350b9d3a08: 8bd0 48be | a850 1d5f | 3502 0000 | 4883 8668 | 0100 0001 | 418b 500c 

  0x000002350b9d3a20: ;   {metadata(method data for {method} {0x000002351e43cde8} 'defineClassSourceLocation' '(Ljava/security/ProtectionDomain;)Ljava/lang/String;' in 'java/lang/ClassLoader')}
  0x000002350b9d3a20: 4885 d248 | bea8 501d | 5f35 0200 | 0048 bfb0 | 0100 0000 | 0000 0075 | 0a48 bfa0 | 0100 0000 
  0x000002350b9d3a40: 0000 0048 | 8b1c 3e48 | 8d5b 0148 | 891c 3e0f | 850f 0000 

  0x000002350b9d3a54: ;   {oop(nullptr)}
  0x000002350b9d3a54: 0048 bb00 | 0000 0000 | 0000 00e9 | 4301 0000 

  0x000002350b9d3a64: ;   {metadata(method data for {method} {0x000002351e43cde8} 'defineClassSourceLocation' '(Ljava/security/ProtectionDomain;)Ljava/lang/String;' in 'java/lang/ClassLoader')}
  0x000002350b9d3a64: 48be a850 | 1d5f 3502 | 0000 4883 | 86c0 0100 | 0001 483b | 024c 8bc2 

  0x000002350b9d3a7c: ;   {metadata(method data for {method} {0x000002351e43cde8} 'defineClassSourceLocation' '(Ljava/security/ProtectionDomain;)Ljava/lang/String;' in 'java/lang/ClassLoader')}
  0x000002350b9d3a7c: 48be a850 | 1d5f 3502 | 0000 4883 | 86f8 0100 

  0x000002350b9d3a8c: ;   {metadata(method data for {method} {0x000002351e01aa98} 'toString' '()Ljava/lang/String;' in 'java/net/URL')}
  0x000002350b9d3a8c: 0001 49b8 | 7032 155f | 3502 0000 | 418b b0cc | 0000 0083 | c602 4189 | b0cc 0000 | 0081 e6fe 
  0x000002350b9d3aac: ff1f 0085 | f60f 84fc | 0100 004c 

  0x000002350b9d3ab8: ;   {metadata(method data for {method} {0x000002351e01aa98} 'toString' '()Ljava/lang/String;' in 'java/net/URL')}
  0x000002350b9d3ab8: 8bc2 48be | 7032 155f | 3502 0000 | 4883 8610 | 0100 0001 

  0x000002350b9d3acc: ;   {metadata(method data for {method} {0x000002351e430a00} 'toExternalForm' '()Ljava/lang/String;' in 'java/net/URL')}
  0x000002350b9d3acc: 49b8 f833 | 155f 3502 | 0000 418b | b0cc 0000 | 0083 c602 | 4189 b0cc | 0000 0081 | e6fe ff1f 
  0x000002350b9d3aec: 0085 f60f | 84df 0100 | 008b 7238 

  0x000002350b9d3af8: ; implicit exception: dispatches to 0x000002350b9d3cf5
  0x000002350b9d3af8: 483b 064c 

  0x000002350b9d3afc: ;   {metadata(method data for {method} {0x000002351e430a00} 'toExternalForm' '()Ljava/lang/String;' in 'java/net/URL')}
  0x000002350b9d3afc: 8bc6 48bf | f833 155f | 3502 0000 | 458b 4008 | 49ba 0000 | 001e 3502 | 0000 4d03 | c24c 3b87 
  0x000002350b9d3b1c: 2001 0000 | 750d 4883 | 8728 0100 | 0001 e960 | 0000 004c | 3b87 3001 | 0000 750d | 4883 8738 
  0x000002350b9d3b3c: 0100 0001 | e94a 0000 | 0048 83bf | 2001 0000 | 0075 174c | 8987 2001 | 0000 48c7 | 8728 0100 
  0x000002350b9d3b5c: 0001 0000 | 00e9 2900 | 0000 4883 | bf30 0100 | 0000 7517 | 4c89 8730 | 0100 0048 | c787 3801 
  0x000002350b9d3b7c: 0000 0100 | 0000 e908 | 0000 0048 | 8387 1001 | 0000 014c | 8bc2 488b 

  0x000002350b9d3b94: ;   {optimized virtual_call}
  0x000002350b9d3b94: d666 90e8 

  0x000002350b9d3b98: ; ImmutableOopMap {[120]=Oop [128]=Oop [136]=Oop [152]=Oop }
                      ;*invokevirtual toExternalForm {reexecute=0 rethrow=0 return_oop=0}
                      ; - java.net.URL::toExternalForm@5 (line 1203)
                      ; - java.net.URL::toString@1 (line 1189)
                      ; - java.lang.ClassLoader::defineClassSourceLocation@22 (line 927)
                      ; - java.lang.ClassLoader::defineClass@12 (line 1026)
  0x000002350b9d3b98: 0445 f9ff 

  0x000002350b9d3b9c: ;   {other}
  0x000002350b9d3b9c: 0f1f 8400 | 0c05 0001 | 488b d848 | 8b84 2498 | 0000 008b | b424 9400 | 0000 8bbc | 2490 0000 
  0x000002350b9d3bbc: 004c 8b8c | 2488 0000 | 004c 8b84 | 2480 0000 | 0048 8b54 

  0x000002350b9d3bd0: ;   {metadata(method data for {method} {0x000002351e43d100} 'defineClass' '(Ljava/lang/String;[BIILjava/security/ProtectionDomain;)Ljava/lang/Class;' in 'java/lang/ClassLoader')}
  0x000002350b9d3bd0: 2478 48b9 | 1045 1d5f | 3502 0000 | 4883 8180 | 0100 0001 | 4c8b da49 | 8bd3 488b | c848 891c 
  0x000002350b9d3bf0: 2466 0f1f 

  0x000002350b9d3bf4: ;   {static_call}
  0x000002350b9d3bf4: 4400 00e8 

  0x000002350b9d3bf8: ; ImmutableOopMap {[120]=Oop [152]=Oop }
                      ;*invokestatic defineClass1 {reexecute=0 rethrow=0 return_oop=0}
                      ; - java.lang.ClassLoader::defineClass@27 (line 1027)
  0x000002350b9d3bf8: 64f9 9407 

  0x000002350b9d3bfc: ;   {other}
  0x000002350b9d3bfc: 0f1f 8400 | 6c05 0002 | 488b 5424 

  0x000002350b9d3c08: ;   {metadata(method data for {method} {0x000002351e43d100} 'defineClass' '(Ljava/lang/String;[BIILjava/security/ProtectionDomain;)Ljava/lang/Class;' in 'java/lang/ClassLoader')}
  0x000002350b9d3c08: 7849 b810 | 451d 5f35 | 0200 0049 | 8380 9001 | 0000 014c | 8bc0 4c8b | 8c24 9800 | 0000 488b 
  0x000002350b9d3c28: 5424 7848 | 8984 24a0 | 0000 000f 

  0x000002350b9d3c34: ;   {optimized virtual_call}
  0x000002350b9d3c34: 1f40 00e8 

  0x000002350b9d3c38: ; ImmutableOopMap {[160]=Oop }
                      ;*invokevirtual postDefineClass {reexecute=0 rethrow=0 return_oop=0}
                      ; - java.lang.ClassLoader::defineClass@37 (line 1028)
  0x000002350b9d3c38: e456 0300 

  0x000002350b9d3c3c: ;   {other}
  0x000002350b9d3c3c: 0f1f 8400 | ac05 0003 | 488b 8424 | a000 0000 | 4881 c4b0 | 0000 005d 

  0x000002350b9d3c54: ;   {poll_return}
  0x000002350b9d3c54: 493b a750 | 0400 000f | 8799 0000 

  0x000002350b9d3c60: ;   {metadata({method} {0x000002351e43d100} 'defineClass' '(Ljava/lang/String;[BIILjava/security/ProtectionDomain;)Ljava/lang/Class;' in 'java/lang/ClassLoader')}
  0x000002350b9d3c60: 00c3 49ba | f8d0 431e | 3502 0000 | 4c89 5424 | 0848 c704 | 24ff ffff 

  0x000002350b9d3c78: ;   {runtime_call counter_overflow Runtime1 stub}
  0x000002350b9d3c78: ffe8 824e 

  0x000002350b9d3c7c: ; ImmutableOopMap {rdx=Oop r8=Oop r9=Oop rcx=Oop [120]=Oop }
                      ;*synchronization entry
                      ; - java.lang.ClassLoader::defineClass@-1 (line 1025)
  0x000002350b9d3c7c: 4707 e987 

  0x000002350b9d3c80: ;   {metadata({method} {0x000002351e43cde8} 'defineClassSourceLocation' '(Ljava/security/ProtectionDomain;)Ljava/lang/String;' in 'java/lang/ClassLoader')}
  0x000002350b9d3c80: fcff ff49 | bae0 cd43 | 1e35 0200 | 004c 8954 | 2408 48c7 | 0424 ffff 

  0x000002350b9d3c98: ;   {runtime_call counter_overflow Runtime1 stub}
  0x000002350b9d3c98: ffff e861 

  0x000002350b9d3c9c: ; ImmutableOopMap {rax=Oop [120]=Oop [128]=Oop [136]=Oop [152]=Oop }
                      ;*synchronization entry
                      ; - java.lang.ClassLoader::defineClassSourceLocation@-1 (line 924)
                      ; - java.lang.ClassLoader::defineClass@12 (line 1026)
  0x000002350b9d3c9c: 4e47 07e9 | 00fd ffff 

  0x000002350b9d3ca4: ;   {runtime_call throw_null_pointer_exception Runtime1 stub}
  0x000002350b9d3ca4: e857 d846 

  0x000002350b9d3ca8: ; ImmutableOopMap {rax=Oop [120]=Oop [128]=Oop [136]=Oop [152]=Oop }
                      ;*invokevirtual getCodeSource {reexecute=0 rethrow=0 return_oop=0}
                      ; - java.lang.ClassLoader::defineClassSourceLocation@1 (line 924)
                      ; - java.lang.ClassLoader::defineClass@12 (line 1026)
                      ;   {runtime_call throw_null_pointer_exception Runtime1 stub}
  0x000002350b9d3ca8: 07e8 52d8 

  0x000002350b9d3cac: ; ImmutableOopMap {rax=Oop r8=Oop [120]=Oop [128]=Oop [136]=Oop [152]=Oop }
                      ;*invokevirtual getLocation {reexecute=0 rethrow=0 return_oop=0}
                      ; - java.lang.ClassLoader::defineClassSourceLocation@12 (line 926)
                      ; - java.lang.ClassLoader::defineClass@12 (line 1026)
                      ;   {runtime_call throw_null_pointer_exception Runtime1 stub}
  0x000002350b9d3cac: 4607 e84d 

  0x000002350b9d3cb0: ; ImmutableOopMap {rdx=Oop [120]=Oop [128]=Oop [136]=Oop [152]=Oop }
                      ;*invokevirtual toString {reexecute=0 rethrow=0 return_oop=0}
                      ; - java.lang.ClassLoader::defineClassSourceLocation@22 (line 927)
                      ; - java.lang.ClassLoader::defineClass@12 (line 1026)
                      ;   {metadata({method} {0x000002351e01aa98} 'toString' '()Ljava/lang/String;' in 'java/net/URL')}
  0x000002350b9d3cb0: d846 0749 | ba90 aa01 | 1e35 0200 | 004c 8954 | 2408 48c7 | 0424 ffff 

  0x000002350b9d3cc8: ;   {runtime_call counter_overflow Runtime1 stub}
  0x000002350b9d3cc8: ffff e831 

  0x000002350b9d3ccc: ; ImmutableOopMap {rdx=Oop [120]=Oop [128]=Oop [136]=Oop [152]=Oop }
                      ;*synchronization entry
                      ; - java.net.URL::toString@-1 (line 1189)
                      ; - java.lang.ClassLoader::defineClassSourceLocation@22 (line 927)
                      ; - java.lang.ClassLoader::defineClass@12 (line 1026)
  0x000002350b9d3ccc: 4e47 07e9 | e3fd ffff 

  0x000002350b9d3cd4: ;   {metadata({method} {0x000002351e430a00} 'toExternalForm' '()Ljava/lang/String;' in 'java/net/URL')}
  0x000002350b9d3cd4: 49ba f809 | 431e 3502 | 0000 4c89 | 5424 0848 | c704 24ff 

  0x000002350b9d3ce8: ;   {runtime_call counter_overflow Runtime1 stub}
  0x000002350b9d3ce8: ffff ffe8 

  0x000002350b9d3cec: ; ImmutableOopMap {rdx=Oop [120]=Oop [128]=Oop [136]=Oop [152]=Oop }
                      ;*synchronization entry
                      ; - java.net.URL::toExternalForm@-1 (line 1203)
                      ; - java.net.URL::toString@1 (line 1189)
                      ; - java.lang.ClassLoader::defineClassSourceLocation@22 (line 927)
                      ; - java.lang.ClassLoader::defineClass@12 (line 1026)
  0x000002350b9d3cec: 104e 4707 | e900 feff 

  0x000002350b9d3cf4: ;   {runtime_call throw_null_pointer_exception Runtime1 stub}
  0x000002350b9d3cf4: ffe8 06d8 

  0x000002350b9d3cf8: ; ImmutableOopMap {rdx=Oop rsi=Oop [120]=Oop [128]=Oop [136]=Oop [152]=Oop }
                      ;*invokevirtual toExternalForm {reexecute=0 rethrow=0 return_oop=0}
                      ; - java.net.URL::toExternalForm@5 (line 1203)
                      ; - java.net.URL::toString@1 (line 1189)
                      ; - java.lang.ClassLoader::defineClassSourceLocation@22 (line 927)
                      ; - java.lang.ClassLoader::defineClass@12 (line 1026)
                      ;   {internal_word}
  0x000002350b9d3cf8: 4607 49ba | 543c 9d0b | 3502 0000 | 4d89 9768 

  0x000002350b9d3d08: ;   {runtime_call SafepointBlob}
  0x000002350b9d3d08: 0400 00e9 | f019 3b07 | 498b 8700 | 0500 0049 | c787 0005 | 0000 0000 | 0000 49c7 | 8708 0500 
  0x000002350b9d3d28: 0000 0000 | 0048 81c4 | b000 0000 

  0x000002350b9d3d34: ;   {runtime_call unwind_exception Runtime1 stub}
  0x000002350b9d3d34: 5de9 46bf | 4607 f4f4 | f4f4 f4f4 
[Stub Code]
  0x000002350b9d3d40: ;   {no_reloc}
  0x000002350b9d3d40: 0f1f 4400 

  0x000002350b9d3d44: ;   {static_stub}
  0x000002350b9d3d44: 0048 bb00 | 0000 0000 

  0x000002350b9d3d4c: ;   {runtime_call}
  0x000002350b9d3d4c: 0000 00e9 | fbff ffff 

  0x000002350b9d3d54: ;   {static_stub}
  0x000002350b9d3d54: 48bb 38ce | 431e 3502 

  0x000002350b9d3d5c: ;   {runtime_call I2C/C2I adapters}
  0x000002350b9d3d5c: 0000 e908 

  0x000002350b9d3d60: ;   {static_stub}
  0x000002350b9d3d60: 703a 0748 | bb00 0000 | 0000 0000 

  0x000002350b9d3d6c: ;   {runtime_call}
  0x000002350b9d3d6c: 00e9 fbff 

  0x000002350b9d3d70: ;   {static_stub}
  0x000002350b9d3d70: ffff 48bb | 20cd 431e | 3502 0000 

  0x000002350b9d3d7c: ;   {runtime_call I2C/C2I adapters}
  0x000002350b9d3d7c: e9ea 6f3a 

  0x000002350b9d3d80: ;   {runtime_call handle_exception_from_callee Runtime1 stub}
  0x000002350b9d3d80: 07e8 7af5 

  0x000002350b9d3d84: ;   {external_word}
  0x000002350b9d3d84: 4607 48b9 | c0b7 8ba2 | fa7f 0000 | 4883 e4f0 

  0x000002350b9d3d94: ;   {runtime_call}
  0x000002350b9d3d94: 48b8 30e7 | 53a2 fa7f | 0000 ffd0 

  0x000002350b9d3da0: ;   {section_word}
  0x000002350b9d3da0: f449 baa1 | 3d9d 0b35 | 0200 0041 

  0x000002350b9d3dac: ;   {runtime_call DeoptimizationBlob}
  0x000002350b9d3dac: 52e9 ee0b | 3b07 f4f4 | f4f4 f4f4 
[/MachCode]


Compiled method (c1)   44384  969       3       java.security.SecureClassLoader::defineClass (16 bytes)
 total in heap  [0x000002350b9d2310,0x000002350b9d2710] = 1024
 relocation     [0x000002350b9d2470,0x000002350b9d24c0] = 80
 main code      [0x000002350b9d24c0,0x000002350b9d2618] = 344
 stub code      [0x000002350b9d2618,0x000002350b9d2668] = 80
 metadata       [0x000002350b9d2668,0x000002350b9d2670] = 8
 scopes data    [0x000002350b9d2670,0x000002350b9d26b8] = 72
 scopes pcs     [0x000002350b9d26b8,0x000002350b9d2708] = 80
 dependencies   [0x000002350b9d2708,0x000002350b9d2710] = 8

[Constant Pool (empty)]

[MachCode]
[Entry Point]
  # {method} {0x000002351e04d810} 'defineClass' '(Ljava/lang/String;[BIILjava/security/CodeSource;)Ljava/lang/Class;' in 'java/security/SecureClassLoader'
  # this:     rdx:rdx   = 'java/security/SecureClassLoader'
  # parm0:    r8:r8     = 'java/lang/String'
  # parm1:    r9:r9     = '[B'
  # parm2:    rdi       = int
  # parm3:    rsi       = int
  # parm4:    rcx:rcx   = 'java/security/CodeSource'
  #           [sp+0x80]  (sp of caller)
  0x000002350b9d24c0: 448b 5208 | 49bb 0000 | 001e 3502 | 0000 4d03 | d34c 3bd0 

  0x000002350b9d24d4: ;   {runtime_call ic_miss_stub}
  0x000002350b9d24d4: 0f85 a6c2 | 3a07 660f | 1f44 0000 
[Verified Entry Point]
  0x000002350b9d24e0: 8984 2400 | 80ff ff55 | 4883 ec70 | 4181 7f20 | 0100 0000 

  0x000002350b9d24f4: ;   {runtime_call StubRoutines (final stubs)}
  0x000002350b9d24f4: 7405 e865 

  0x000002350b9d24f8: ;   {metadata(method data for {method} {0x000002351e04d810} 'defineClass' '(Ljava/lang/String;[BIILjava/security/CodeSource;)Ljava/lang/Class;' in 'java/security/SecureClassLoader')}
  0x000002350b9d24f8: 2839 0748 | bb28 581a | 5f35 0200 | 008b 83cc | 0000 0083 | c002 8983 | cc00 0000 | 25fe 0700 
  0x000002350b9d2518: 0085 c00f | 8496 0000 | 0089 7424 | 5c89 7c24 | 584c 894c | 2450 4c89 | 4424 4848 

  0x000002350b9d2534: ;   {metadata(method data for {method} {0x000002351e04d810} 'defineClass' '(Ljava/lang/String;[BIILjava/security/CodeSource;)Ljava/lang/Class;' in 'java/security/SecureClassLoader')}
  0x000002350b9d2534: 8bda 48b8 | 2858 1a5f | 3502 0000 | 4883 8010 | 0100 0001 | 4c8b c148 | 8bc2 488b | d048 8944 
  0x000002350b9d2554: ;   {optimized virtual_call}
  0x000002350b9d2554: 2440 90e8 

  0x000002350b9d2558: ; ImmutableOopMap {[64]=Oop [72]=Oop [80]=Oop }
                      ;*invokevirtual getProtectionDomain {reexecute=0 rethrow=0 return_oop=0}
                      ; - java.security.SecureClassLoader::defineClass@9 (line 150)
  0x000002350b9d2558: 4404 0000 

  0x000002350b9d255c: ;   {other}
  0x000002350b9d255c: 0f1f 8400 | 4c02 0000 | 488b 5424 

  0x000002350b9d2568: ;   {metadata(method data for {method} {0x000002351e04d810} 'defineClass' '(Ljava/lang/String;[BIILjava/security/CodeSource;)Ljava/lang/Class;' in 'java/security/SecureClassLoader')}
  0x000002350b9d2568: 4049 b828 | 581a 5f35 | 0200 0049 | 8380 4801 | 0000 014c | 8b44 2448 | 4c8b 4c24 | 508b 7c24 
  0x000002350b9d2588: 588b 7424 | 5c48 8bc8 | 488b 5424 

  0x000002350b9d2594: ;   {optimized virtual_call}
  0x000002350b9d2594: 4066 90e8 

  0x000002350b9d2598: ; ImmutableOopMap {}
                      ;*invokevirtual defineClass {reexecute=0 rethrow=0 return_oop=0}
                      ; - java.security.SecureClassLoader::defineClass@12 (line 150)
  0x000002350b9d2598: 2413 0000 

  0x000002350b9d259c: ;   {other}
  0x000002350b9d259c: 0f1f 8400 | 8c02 0001 | 4883 c470 

  0x000002350b9d25a8: ;   {poll_return}
  0x000002350b9d25a8: 5d49 3ba7 | 5004 0000 | 0f87 2200 

  0x000002350b9d25b4: ;   {metadata({method} {0x000002351e04d810} 'defineClass' '(Ljava/lang/String;[BIILjava/security/CodeSource;)Ljava/lang/Class;' in 'java/security/SecureClassLoader')}
  0x000002350b9d25b4: 0000 c349 | ba08 d804 | 1e35 0200 | 004c 8954 | 2408 48c7 | 0424 ffff 

  0x000002350b9d25cc: ;   {runtime_call counter_overflow Runtime1 stub}
  0x000002350b9d25cc: ffff e82d 

  0x000002350b9d25d0: ; ImmutableOopMap {rdx=Oop r8=Oop r9=Oop rcx=Oop }
                      ;*synchronization entry
                      ; - java.security.SecureClassLoader::defineClass@-1 (line 150)
  0x000002350b9d25d0: 6547 07e9 | 49ff ffff 

  0x000002350b9d25d8: ;   {internal_word}
  0x000002350b9d25d8: 49ba a925 | 9d0b 3502 | 0000 4d89 | 9768 0400 

  0x000002350b9d25e8: ;   {runtime_call SafepointBlob}
  0x000002350b9d25e8: 00e9 1231 | 3b07 498b | 8700 0500 | 0049 c787 | 0005 0000 | 0000 0000 | 49c7 8708 | 0500 0000 
  0x000002350b9d2608: 0000 0048 | 83c4 705d 

  0x000002350b9d2610: ;   {runtime_call unwind_exception Runtime1 stub}
  0x000002350b9d2610: e96b d646 | 07f4 f4f4 
[Stub Code]
  0x000002350b9d2618: ;   {no_reloc}
  0x000002350b9d2618: 48bb 0000 | 0000 0000 

  0x000002350b9d2620: ;   {runtime_call}
  0x000002350b9d2620: 0000 e9fb 

  0x000002350b9d2624: ;   {static_stub}
  0x000002350b9d2624: ffff ff48 | bbf8 d043 | 1e35 0200 

  0x000002350b9d2630: ;   {runtime_call I2C/C2I adapters}
  0x000002350b9d2630: 00e9 3feb 

  0x000002350b9d2634: ;   {runtime_call handle_exception_from_callee Runtime1 stub}
  0x000002350b9d2634: 3907 e8c5 

  0x000002350b9d2638: ;   {external_word}
  0x000002350b9d2638: 0c47 0748 | b9c0 b78b | a2fa 7f00 | 0048 83e4 

  0x000002350b9d2648: ;   {runtime_call}
  0x000002350b9d2648: f048 b830 | e753 a2fa | 7f00 00ff 

  0x000002350b9d2654: ;   {section_word}
  0x000002350b9d2654: d0f4 49ba | 5626 9d0b | 3502 0000 

  0x000002350b9d2660: ;   {runtime_call DeoptimizationBlob}
  0x000002350b9d2660: 4152 e939 | 233b 07f4 
[/MachCode]


---------------  P R O C E S S  ---------------

Threads class SMR info:
_java_thread_list=0x00000235635a0920, length=13, elements={
0x0000023501a9ed20, 0x000002351d4c6520, 0x000002351d4c7440, 0x000002351d4cac40,
0x000002351d4cda30, 0x000002351d4ce490, 0x000002351d4d1300, 0x000002351d4de390,
0x000002351d4e1240, 0x000002351d73d150, 0x000002351d75f850, 0x0000023563570370,
0x0000023563d3dd80
}

Java Threads: ( => current thread )
=>0x0000023501a9ed20 JavaThread "main"                              [_thread_in_vm, id=11968, stack(0x000000489ea00000,0x000000489eb00000) (1024K)]
  0x000002351d4c6520 JavaThread "Reference Handler"          daemon [_thread_blocked, id=14928, stack(0x000000489f200000,0x000000489f300000) (1024K)]
  0x000002351d4c7440 JavaThread "Finalizer"                  daemon [_thread_blocked, id=15512, stack(0x000000489f300000,0x000000489f400000) (1024K)]
  0x000002351d4cac40 JavaThread "Signal Dispatcher"          daemon [_thread_blocked, id=13960, stack(0x000000489f400000,0x000000489f500000) (1024K)]
  0x000002351d4cda30 JavaThread "Attach Listener"            daemon [_thread_blocked, id=8928, stack(0x000000489f500000,0x000000489f600000) (1024K)]
  0x000002351d4ce490 JavaThread "Service Thread"             daemon [_thread_blocked, id=13344, stack(0x000000489f600000,0x000000489f700000) (1024K)]
  0x000002351d4d1300 JavaThread "Monitor Deflation Thread"   daemon [_thread_blocked, id=16064, stack(0x000000489f700000,0x000000489f800000) (1024K)]
  0x000002351d4de390 JavaThread "C2 CompilerThread0"         daemon [_thread_blocked, id=10540, stack(0x000000489f800000,0x000000489f900000) (1024K)]
  0x000002351d4e1240 JavaThread "C1 CompilerThread0"         daemon [_thread_blocked, id=4432, stack(0x000000489f900000,0x000000489fa00000) (1024K)]
  0x000002351d73d150 JavaThread "Notification Thread"        daemon [_thread_blocked, id=9616, stack(0x000000489fa00000,0x000000489fb00000) (1024K)]
  0x000002351d75f850 JavaThread "Common-Cleaner"             daemon [_thread_blocked, id=428, stack(0x000000489fb00000,0x000000489fc00000) (1024K)]
  0x0000023563570370 JavaThread "pool-1-thread-1"                   [_thread_blocked, id=11256, stack(0x00000048a0000000,0x00000048a0100000) (1024K)]
  0x0000023563d3dd80 JavaThread "DisconnectableInputStream source reader" daemon [_thread_in_native, id=12044, stack(0x00000048a0200000,0x00000048a0300000) (1024K)]
Total: 13

Other Threads:
  0x000002351d4a5a00 VMThread "VM Thread"                           [id=15520, stack(0x000000489f100000,0x000000489f200000) (1024K)]
  0x0000023501c70a50 WatcherThread "VM Periodic Task Thread"        [id=3412, stack(0x000000489f000000,0x000000489f100000) (1024K)]
  0x0000023501bc8f30 WorkerThread "GC Thread#0"                     [id=12912, stack(0x000000489eb00000,0x000000489ec00000) (1024K)]
  0x000002356304d540 WorkerThread "GC Thread#1"                     [id=16484, stack(0x000000489fd00000,0x000000489fe00000) (1024K)]
  0x000002356307ecc0 WorkerThread "GC Thread#2"                     [id=7648, stack(0x000000489fe00000,0x000000489ff00000) (1024K)]
  0x000002351da22000 WorkerThread "GC Thread#3"                     [id=15084, stack(0x000000489ff00000,0x00000048a0000000) (1024K)]
  0x0000023501bca8c0 ConcurrentGCThread "G1 Main Marker"            [id=14992, stack(0x000000489ec00000,0x000000489ed00000) (1024K)]
  0x0000023501bcbb60 WorkerThread "G1 Conc#0"                       [id=17304, stack(0x000000489ed00000,0x000000489ee00000) (1024K)]
  0x0000023501c1fad0 ConcurrentGCThread "G1 Refine#0"               [id=14984, stack(0x000000489ee00000,0x000000489ef00000) (1024K)]
  0x0000023501c20640 ConcurrentGCThread "G1 Service"                [id=9712, stack(0x000000489ef00000,0x000000489f000000) (1024K)]
Total: 10

Threads with active compile tasks:
Total: 0

VM state: not at safepoint (normal execution)

VM Mutex/Monitor currently owned by a thread:  ([mutex/lock_event])
[0x00007ffaa2b50d28] Metaspace_lock - owner thread: 0x0000023501a9ed20

Heap address: 0x00000000fc000000, size: 64 MB, Compressed Oops mode: 32-bit

CDS archive(s) mapped at: [0x000002351e000000-0x000002351ec90000-0x000002351ec90000), size 13172736, SharedBaseAddress: 0x000002351e000000, ArchiveRelocationMode: 1.
Compressed class space mapped at: 0x000002351f000000-0x000002355f000000, reserved size: 1073741824
Narrow klass base: 0x000002351e000000, Narrow klass shift: 0, Narrow klass range: 0x100000000

GC Precious Log:
 CardTable entry size: 512
 Card Set container configuration: InlinePtr #cards 5 size 8 Array Of Cards #cards 12 size 40 Howl #buckets 4 coarsen threshold 1843 Howl Bitmap #cards 512 size 80 coarsen threshold 460 Card regions per heap region 1 cards per card region 2048
 CPUs: 4 total, 4 available
 Memory: 12168M
 Large Page Support: Disabled
 NUMA Support: Disabled
 Compressed Oops: Enabled (32-bit)
 Heap Region Size: 1M
 Heap Min Capacity: 64M
 Heap Initial Capacity: 64M
 Heap Max Capacity: 64M
 Pre-touch: Disabled
 Parallel Workers: 4
 Concurrent Workers: 1
 Concurrent Refinement Workers: 4
 Periodic GC: Disabled

Heap:
 garbage-first heap   total 65536K, used 22630K [0x00000000fc000000, 0x0000000100000000)
  region size 1024K, 15 young (15360K), 3 survivors (3072K)
 Metaspace       used 10256K, committed 10560K, reserved 1114112K
  class space    used 1323K, committed 1472K, reserved 1048576K

Heap Regions: E=young(eden), S=young(survivor), O=old, HS=humongous(starts), HC=humongous(continues), CS=collection set, F=free, TAMS=top-at-mark-start, PB=parsable bottom
|   0|0x00000000fc000000, 0x00000000fc100000, 0x00000000fc100000|100%| O|  |TAMS 0x00000000fc000000| PB 0x00000000fc000000| Untracked 
|   1|0x00000000fc100000, 0x00000000fc200000, 0x00000000fc200000|100%|HS|  |TAMS 0x00000000fc100000| PB 0x00000000fc100000| Complete 
|   2|0x00000000fc200000, 0x00000000fc300000, 0x00000000fc300000|100%|HC|  |TAMS 0x00000000fc200000| PB 0x00000000fc200000| Complete 
|   3|0x00000000fc300000, 0x00000000fc400000, 0x00000000fc400000|100%|HC|  |TAMS 0x00000000fc300000| PB 0x00000000fc300000| Complete 
|   4|0x00000000fc400000, 0x00000000fc500000, 0x00000000fc500000|100%|HC|  |TAMS 0x00000000fc400000| PB 0x00000000fc400000| Complete 
|   5|0x00000000fc500000, 0x00000000fc600000, 0x00000000fc600000|100%| O|  |TAMS 0x00000000fc500000| PB 0x00000000fc500000| Untracked 
|   6|0x00000000fc600000, 0x00000000fc700000, 0x00000000fc700000|100%| O|  |TAMS 0x00000000fc600000| PB 0x00000000fc600000| Untracked 
|   7|0x00000000fc700000, 0x00000000fc800000, 0x00000000fc800000|100%| O|  |TAMS 0x00000000fc700000| PB 0x00000000fc700000| Untracked 
|   8|0x00000000fc800000, 0x00000000fc819830, 0x00000000fc900000|  9%| O|  |TAMS 0x00000000fc800000| PB 0x00000000fc800000| Untracked 
|   9|0x00000000fc900000, 0x00000000fc900000, 0x00000000fca00000|  0%| F|  |TAMS 0x00000000fc900000| PB 0x00000000fc900000| Untracked 
|  10|0x00000000fca00000, 0x00000000fca00000, 0x00000000fcb00000|  0%| F|  |TAMS 0x00000000fca00000| PB 0x00000000fca00000| Untracked 
|  11|0x00000000fcb00000, 0x00000000fcb00000, 0x00000000fcc00000|  0%| F|  |TAMS 0x00000000fcb00000| PB 0x00000000fcb00000| Untracked 
|  12|0x00000000fcc00000, 0x00000000fcc00000, 0x00000000fcd00000|  0%| F|  |TAMS 0x00000000fcc00000| PB 0x00000000fcc00000| Untracked 
|  13|0x00000000fcd00000, 0x00000000fcd00000, 0x00000000fce00000|  0%| F|  |TAMS 0x00000000fcd00000| PB 0x00000000fcd00000| Untracked 
|  14|0x00000000fce00000, 0x00000000fce00000, 0x00000000fcf00000|  0%| F|  |TAMS 0x00000000fce00000| PB 0x00000000fce00000| Untracked 
|  15|0x00000000fcf00000, 0x00000000fcf00000, 0x00000000fd000000|  0%| F|  |TAMS 0x00000000fcf00000| PB 0x00000000fcf00000| Untracked 
|  16|0x00000000fd000000, 0x00000000fd000000, 0x00000000fd100000|  0%| F|  |TAMS 0x00000000fd000000| PB 0x00000000fd000000| Untracked 
|  17|0x00000000fd100000, 0x00000000fd100000, 0x00000000fd200000|  0%| F|  |TAMS 0x00000000fd100000| PB 0x00000000fd100000| Untracked 
|  18|0x00000000fd200000, 0x00000000fd200000, 0x00000000fd300000|  0%| F|  |TAMS 0x00000000fd200000| PB 0x00000000fd200000| Untracked 
|  19|0x00000000fd300000, 0x00000000fd300000, 0x00000000fd400000|  0%| F|  |TAMS 0x00000000fd300000| PB 0x00000000fd300000| Untracked 
|  20|0x00000000fd400000, 0x00000000fd400000, 0x00000000fd500000|  0%| F|  |TAMS 0x00000000fd400000| PB 0x00000000fd400000| Untracked 
|  21|0x00000000fd500000, 0x00000000fd500000, 0x00000000fd600000|  0%| F|  |TAMS 0x00000000fd500000| PB 0x00000000fd500000| Untracked 
|  22|0x00000000fd600000, 0x00000000fd600000, 0x00000000fd700000|  0%| F|  |TAMS 0x00000000fd600000| PB 0x00000000fd600000| Untracked 
|  23|0x00000000fd700000, 0x00000000fd700000, 0x00000000fd800000|  0%| F|  |TAMS 0x00000000fd700000| PB 0x00000000fd700000| Untracked 
|  24|0x00000000fd800000, 0x00000000fd800000, 0x00000000fd900000|  0%| F|  |TAMS 0x00000000fd800000| PB 0x00000000fd800000| Untracked 
|  25|0x00000000fd900000, 0x00000000fd900000, 0x00000000fda00000|  0%| F|  |TAMS 0x00000000fd900000| PB 0x00000000fd900000| Untracked 
|  26|0x00000000fda00000, 0x00000000fda00000, 0x00000000fdb00000|  0%| F|  |TAMS 0x00000000fda00000| PB 0x00000000fda00000| Untracked 
|  27|0x00000000fdb00000, 0x00000000fdb00000, 0x00000000fdc00000|  0%| F|  |TAMS 0x00000000fdb00000| PB 0x00000000fdb00000| Untracked 
|  28|0x00000000fdc00000, 0x00000000fdc00000, 0x00000000fdd00000|  0%| F|  |TAMS 0x00000000fdc00000| PB 0x00000000fdc00000| Untracked 
|  29|0x00000000fdd00000, 0x00000000fdd00000, 0x00000000fde00000|  0%| F|  |TAMS 0x00000000fdd00000| PB 0x00000000fdd00000| Untracked 
|  30|0x00000000fde00000, 0x00000000fde00000, 0x00000000fdf00000|  0%| F|  |TAMS 0x00000000fde00000| PB 0x00000000fde00000| Untracked 
|  31|0x00000000fdf00000, 0x00000000fdf00000, 0x00000000fe000000|  0%| F|  |TAMS 0x00000000fdf00000| PB 0x00000000fdf00000| Untracked 
|  32|0x00000000fe000000, 0x00000000fe000000, 0x00000000fe100000|  0%| F|  |TAMS 0x00000000fe000000| PB 0x00000000fe000000| Untracked 
|  33|0x00000000fe100000, 0x00000000fe100000, 0x00000000fe200000|  0%| F|  |TAMS 0x00000000fe100000| PB 0x00000000fe100000| Untracked 
|  34|0x00000000fe200000, 0x00000000fe200000, 0x00000000fe300000|  0%| F|  |TAMS 0x00000000fe200000| PB 0x00000000fe200000| Untracked 
|  35|0x00000000fe300000, 0x00000000fe300000, 0x00000000fe400000|  0%| F|  |TAMS 0x00000000fe300000| PB 0x00000000fe300000| Untracked 
|  36|0x00000000fe400000, 0x00000000fe400000, 0x00000000fe500000|  0%| F|  |TAMS 0x00000000fe400000| PB 0x00000000fe400000| Untracked 
|  37|0x00000000fe500000, 0x00000000fe500000, 0x00000000fe600000|  0%| F|  |TAMS 0x00000000fe500000| PB 0x00000000fe500000| Untracked 
|  38|0x00000000fe600000, 0x00000000fe700000, 0x00000000fe700000|100%| S|CS|TAMS 0x00000000fe600000| PB 0x00000000fe600000| Complete 
|  39|0x00000000fe700000, 0x00000000fe800000, 0x00000000fe800000|100%| S|CS|TAMS 0x00000000fe700000| PB 0x00000000fe700000| Complete 
|  40|0x00000000fe800000, 0x00000000fe900000, 0x00000000fe900000|100%| S|CS|TAMS 0x00000000fe800000| PB 0x00000000fe800000| Complete 
|  41|0x00000000fe900000, 0x00000000fe900000, 0x00000000fea00000|  0%| F|  |TAMS 0x00000000fe900000| PB 0x00000000fe900000| Untracked 
|  42|0x00000000fea00000, 0x00000000fea00000, 0x00000000feb00000|  0%| F|  |TAMS 0x00000000fea00000| PB 0x00000000fea00000| Untracked 
|  43|0x00000000feb00000, 0x00000000feb00000, 0x00000000fec00000|  0%| F|  |TAMS 0x00000000feb00000| PB 0x00000000feb00000| Untracked 
|  44|0x00000000fec00000, 0x00000000fec00000, 0x00000000fed00000|  0%| F|  |TAMS 0x00000000fec00000| PB 0x00000000fec00000| Untracked 
|  45|0x00000000fed00000, 0x00000000fed00000, 0x00000000fee00000|  0%| F|  |TAMS 0x00000000fed00000| PB 0x00000000fed00000| Untracked 
|  46|0x00000000fee00000, 0x00000000fee00000, 0x00000000fef00000|  0%| F|  |TAMS 0x00000000fee00000| PB 0x00000000fee00000| Untracked 
|  47|0x00000000fef00000, 0x00000000fef00000, 0x00000000ff000000|  0%| F|  |TAMS 0x00000000fef00000| PB 0x00000000fef00000| Untracked 
|  48|0x00000000ff000000, 0x00000000ff000000, 0x00000000ff100000|  0%| F|  |TAMS 0x00000000ff000000| PB 0x00000000ff000000| Untracked 
|  49|0x00000000ff100000, 0x00000000ff100000, 0x00000000ff200000|  0%| F|  |TAMS 0x00000000ff100000| PB 0x00000000ff100000| Untracked 
|  50|0x00000000ff200000, 0x00000000ff200000, 0x00000000ff300000|  0%| F|  |TAMS 0x00000000ff200000| PB 0x00000000ff200000| Untracked 
|  51|0x00000000ff300000, 0x00000000ff300000, 0x00000000ff400000|  0%| F|  |TAMS 0x00000000ff300000| PB 0x00000000ff300000| Untracked 
|  52|0x00000000ff400000, 0x00000000ff4638e0, 0x00000000ff500000| 38%| E|  |TAMS 0x00000000ff400000| PB 0x00000000ff400000| Complete 
|  53|0x00000000ff500000, 0x00000000ff600000, 0x00000000ff600000|100%| E|CS|TAMS 0x00000000ff500000| PB 0x00000000ff500000| Complete 
|  54|0x00000000ff600000, 0x00000000ff700000, 0x00000000ff700000|100%| E|CS|TAMS 0x00000000ff600000| PB 0x00000000ff600000| Complete 
|  55|0x00000000ff700000, 0x00000000ff800000, 0x00000000ff800000|100%| E|CS|TAMS 0x00000000ff700000| PB 0x00000000ff700000| Complete 
|  56|0x00000000ff800000, 0x00000000ff900000, 0x00000000ff900000|100%| E|CS|TAMS 0x00000000ff800000| PB 0x00000000ff800000| Complete 
|  57|0x00000000ff900000, 0x00000000ffa00000, 0x00000000ffa00000|100%| E|CS|TAMS 0x00000000ff900000| PB 0x00000000ff900000| Complete 
|  58|0x00000000ffa00000, 0x00000000ffb00000, 0x00000000ffb00000|100%| E|CS|TAMS 0x00000000ffa00000| PB 0x00000000ffa00000| Complete 
|  59|0x00000000ffb00000, 0x00000000ffc00000, 0x00000000ffc00000|100%| E|CS|TAMS 0x00000000ffb00000| PB 0x00000000ffb00000| Complete 
|  60|0x00000000ffc00000, 0x00000000ffd00000, 0x00000000ffd00000|100%| E|CS|TAMS 0x00000000ffc00000| PB 0x00000000ffc00000| Complete 
|  61|0x00000000ffd00000, 0x00000000ffe00000, 0x00000000ffe00000|100%| E|CS|TAMS 0x00000000ffd00000| PB 0x00000000ffd00000| Complete 
|  62|0x00000000ffe00000, 0x00000000fff00000, 0x00000000fff00000|100%| E|CS|TAMS 0x00000000ffe00000| PB 0x00000000ffe00000| Complete 
|  63|0x00000000fff00000, 0x0000000100000000, 0x0000000100000000|100%| E|CS|TAMS 0x00000000fff00000| PB 0x00000000fff00000| Complete 

Card table byte_map: [0x000002351ae50000,0x000002351ae70000] _byte_map_base: 0x000002351a670000

Marking Bits: (CMBitMap*) 0x0000023501bc9630
 Bits: [0x000002351ae70000, 0x000002351af70000)

Polling page: 0x0000023501c80000

Metaspace:

Usage:
  Non-class:      8.72 MB used.
      Class:      1.29 MB used.
       Both:     10.02 MB used.

Virtual space:
  Non-class space:       64.00 MB reserved,       8.88 MB ( 14%) committed,  1 nodes.
      Class space:        1.00 GB reserved,       1.44 MB ( <1%) committed,  1 nodes.
             Both:        1.06 GB reserved,      10.31 MB ( <1%) committed. 

Chunk freelists:
   Non-Class:  6.17 MB
       Class:  14.53 MB
        Both:  20.70 MB

MaxMetaspaceSize: unlimited
CompressedClassSpaceSize: 1.00 GB
Initial GC threshold: 21.00 MB
Current GC threshold: 21.00 MB
CDS: on
 - commit_granule_bytes: 65536.
 - commit_granule_words: 8192.
 - virtual_space_node_default_size: 8388608.
 - enlarge_chunks_in_place: 1.
 - use_allocation_guard: 0.


Internal statistics:

num_allocs_failed_limit: 0.
num_arena_births: 216.
num_arena_deaths: 0.
num_vsnodes_births: 2.
num_vsnodes_deaths: 0.
num_space_committed: 165.
num_space_uncommitted: 0.
num_chunks_returned_to_freelist: 0.
num_chunks_taken_from_freelist: 497.
num_chunk_merges: 0.
num_chunk_splits: 333.
num_chunks_enlarged: 255.
num_inconsistent_stats: 0.

CodeHeap 'non-profiled nmethods': size=120000Kb used=677Kb max_used=677Kb free=119322Kb
 bounds [0x00000235132d0000, 0x0000023513540000, 0x000002351a800000]
CodeHeap 'profiled nmethods': size=120000Kb used=3794Kb max_used=3794Kb free=116205Kb
 bounds [0x000002350b800000, 0x000002350bbc0000, 0x0000023512d30000]
CodeHeap 'non-nmethods': size=5760Kb used=1410Kb max_used=1434Kb free=4350Kb
 bounds [0x0000023512d30000, 0x0000023512fa0000, 0x00000235132d0000]
 total_blobs=2442 nmethods=1935 adapters=412
 compilation: enabled
              stopped_count=0, restarted_count=0
 full_count=0

Compilation events (20 events):
Event: 44.265 Thread 0x000002351d4e1240 1925       3       org.gradle.internal.logging.text.AbstractLineChoppingStyledTextOutput::access$800 (4 bytes)
Event: 44.265 Thread 0x000002351d4e1240 nmethod 1925 0x000002350bbb3610 code [0x000002350bbb37a0, 0x000002350bbb3898]
Event: 44.265 Thread 0x000002351d4e1240 1926       3       org.gradle.internal.logging.text.AbstractLineChoppingStyledTextOutput$2::execute (9 bytes)
Event: 44.265 Thread 0x000002351d4e1240 nmethod 1926 0x000002350bbb3910 code [0x000002350bbb3ac0, 0x000002350bbb3cf8]
Event: 44.265 Thread 0x000002351d4e1240 1928       3       org.gradle.internal.logging.text.AbstractLineChoppingStyledTextOutput::access$900 (4 bytes)
Event: 44.265 Thread 0x000002351d4e1240 nmethod 1928 0x000002350bbb3e10 code [0x000002350bbb3fa0, 0x000002350bbb4098]
Event: 44.265 Thread 0x000002351d4e1240 1929       3       org.gradle.internal.logging.text.AbstractLineChoppingStyledTextOutput$StateContext::next (11 bytes)
Event: 44.265 Thread 0x000002351d4e1240 nmethod 1929 0x000002350bbb4110 code [0x000002350bbb42a0, 0x000002350bbb43b0]
Event: 44.265 Thread 0x000002351d4e1240 1933       3       java.lang.StringCoding::implEncodeAsciiArray (47 bytes)
Event: 44.266 Thread 0x000002351d4e1240 nmethod 1933 0x000002350bbb4490 code [0x000002350bbb4640, 0x000002350bbb4888]
Event: 44.266 Thread 0x000002351d4e1240 1924       1       java.nio.Buffer::capacity (5 bytes)
Event: 44.266 Thread 0x000002351d4e1240 nmethod 1924 0x0000023513377890 code [0x0000023513377a20, 0x0000023513377ae8]
Event: 44.266 Thread 0x000002351d4e1240 1930       1       java.nio.charset.CharsetEncoder::maxBytesPerChar (5 bytes)
Event: 44.266 Thread 0x000002351d4de390 nmethod 1931 0x0000023513377b90 code [0x0000023513377d20, 0x0000023513377e08]
Event: 44.266 Thread 0x000002351d4e1240 nmethod 1930 0x0000023513377f10 code [0x00000235133780a0, 0x0000023513378168]
Event: 44.266 Thread 0x000002351d4de390 1932       4       org.gradle.internal.logging.text.AbstractLineChoppingStyledTextOutput$StateContext::isCurrentCharEquals (70 bytes)
Event: 44.268 Thread 0x000002351d4de390 nmethod 1932 0x0000023513378210 code [0x00000235133783c0, 0x0000023513378578]
Event: 44.268 Thread 0x000002351d4de390 1934       4       org.gradle.internal.logging.text.AbstractLineChoppingStyledTextOutput$StateContext::hasChar (25 bytes)
Event: 44.269 Thread 0x000002351d4de390 nmethod 1934 0x0000023513378790 code [0x0000023513378920, 0x00000235133789d8]
Event: 44.269 Thread 0x000002351d4de390 1935       4       org.gradle.internal.logging.text.AbstractLineChoppingStyledTextOutput$2::execute (77 bytes)

GC Heap History (4 events):
Event: 0.606 GC heap before
{Heap before GC invocations=0 (full 0):
 garbage-first heap   total 65536K, used 12288K [0x00000000fc000000, 0x0000000100000000)
  region size 1024K, 13 young (13312K), 0 survivors (0K)
 Metaspace       used 1725K, committed 1920K, reserved 1114112K
  class space    used 160K, committed 256K, reserved 1048576K
}
Event: 0.611 GC heap after
{Heap after GC invocations=1 (full 0):
 garbage-first heap   total 65536K, used 2757K [0x00000000fc000000, 0x0000000100000000)
  region size 1024K, 2 young (2048K), 2 survivors (2048K)
 Metaspace       used 1725K, committed 1920K, reserved 1114112K
  class space    used 160K, committed 256K, reserved 1048576K
}
Event: 1.417 GC heap before
{Heap before GC invocations=1 (full 0):
 garbage-first heap   total 65536K, used 27333K [0x00000000fc000000, 0x0000000100000000)
  region size 1024K, 23 young (23552K), 2 survivors (2048K)
 Metaspace       used 7127K, committed 7360K, reserved 1114112K
  class space    used 964K, committed 1088K, reserved 1048576K
}
Event: 1.421 GC heap after
{Heap after GC invocations=2 (full 0):
 garbage-first heap   total 65536K, used 11366K [0x00000000fc000000, 0x0000000100000000)
  region size 1024K, 3 young (3072K), 3 survivors (3072K)
 Metaspace       used 7127K, committed 7360K, reserved 1114112K
  class space    used 964K, committed 1088K, reserved 1048576K
}

Dll operation events (13 events):
Event: 0.006 Loaded shared library C:\Users\Farrel\AppData\Local\jdk-21\bin\java.dll
Event: 0.042 Loaded shared library C:\Users\Farrel\AppData\Local\jdk-21\bin\jsvml.dll
Event: 0.070 Loaded shared library C:\Users\Farrel\AppData\Local\jdk-21\bin\net.dll
Event: 0.071 Loaded shared library C:\Users\Farrel\AppData\Local\jdk-21\bin\nio.dll
Event: 0.093 Loaded shared library C:\Users\Farrel\AppData\Local\jdk-21\bin\zip.dll
Event: 0.559 Loaded shared library C:\Users\Farrel\AppData\Local\jdk-21\bin\jimage.dll
Event: 0.673 Loaded shared library C:\Users\Farrel\AppData\Local\jdk-21\bin\verify.dll
Event: 1.070 Loaded shared library C:\Users\Farrel\.gradle\native\c067742578af261105cb4f569cf0c3c89f3d7b1fecec35dd04571415982c5e48\windows-amd64\native-platform.dll
Event: 1.099 Loaded shared library C:\Users\Farrel\.gradle\native\jansi\1.18\windows64\jansi.dll
Event: 1.316 Loaded shared library C:\Users\Farrel\AppData\Local\jdk-21\bin\management.dll
Event: 1.319 Loaded shared library C:\Users\Farrel\AppData\Local\jdk-21\bin\management_ext.dll
Event: 1.479 Loaded shared library C:\Users\Farrel\AppData\Local\jdk-21\bin\extnet.dll
Event: 4.231 Loaded shared library C:\Users\Farrel\AppData\Local\jdk-21\bin\sunmscapi.dll

Deoptimization events (20 events):
Event: 4.347 Thread 0x0000023501a9ed20 Uncommon trap: trap_request=0xffffffde fr.pc=0x000002351335961c relative=0x000000000000033c
Event: 4.347 Thread 0x0000023501a9ed20 Uncommon trap: reason=class_check action=maybe_recompile pc=0x000002351335961c method=java.util.regex.Pattern$BmpCharPropertyGreedy.match(Ljava/util/regex/Matcher;ILjava/lang/CharSequence;)Z @ 26 c2
Event: 4.347 Thread 0x0000023501a9ed20 DEOPT PACKING pc=0x000002351335961c sp=0x000000489eafc4b0
Event: 4.347 Thread 0x0000023501a9ed20 DEOPT UNPACKING pc=0x0000023512d846a2 sp=0x000000489eafc468 mode 2
Event: 44.247 Thread 0x0000023501a9ed20 Uncommon trap: trap_request=0xffffff45 fr.pc=0x0000023513376bc4 relative=0x0000000000000184
Event: 44.247 Thread 0x0000023501a9ed20 Uncommon trap: reason=unstable_if action=reinterpret pc=0x0000023513376bc4 method=com.esotericsoftware.kryo.io.Input.require(I)I @ 180 c2
Event: 44.247 Thread 0x0000023501a9ed20 DEOPT PACKING pc=0x0000023513376bc4 sp=0x000000489eafd790
Event: 44.247 Thread 0x0000023501a9ed20 DEOPT UNPACKING pc=0x0000023512d846a2 sp=0x000000489eafd738 mode 2
Event: 44.255 Thread 0x0000023501a9ed20 Uncommon trap: trap_request=0xffffff45 fr.pc=0x00000235132fc404 relative=0x0000000000000064
Event: 44.255 Thread 0x0000023501a9ed20 Uncommon trap: reason=unstable_if action=reinterpret pc=0x00000235132fc404 method=java.net.URI.match(CJJ)Z @ 19 c2
Event: 44.255 Thread 0x0000023501a9ed20 DEOPT PACKING pc=0x00000235132fc404 sp=0x000000489eafd5d0
Event: 44.255 Thread 0x0000023501a9ed20 DEOPT UNPACKING pc=0x0000023512d846a2 sp=0x000000489eafd538 mode 2
Event: 44.255 Thread 0x0000023501a9ed20 Uncommon trap: trap_request=0xffffff45 fr.pc=0x000002351334abc0 relative=0x0000000000000300
Event: 44.255 Thread 0x0000023501a9ed20 Uncommon trap: reason=unstable_if action=reinterpret pc=0x000002351334abc0 method=java.net.URI.match(CJJ)Z @ 19 c2
Event: 44.255 Thread 0x0000023501a9ed20 DEOPT PACKING pc=0x000002351334abc0 sp=0x000000489eafd520
Event: 44.255 Thread 0x0000023501a9ed20 DEOPT UNPACKING pc=0x0000023512d846a2 sp=0x000000489eafd410 mode 2
Event: 44.256 Thread 0x0000023501a9ed20 Uncommon trap: trap_request=0xffffff45 fr.pc=0x000002351335203c relative=0x00000000000001fc
Event: 44.256 Thread 0x0000023501a9ed20 Uncommon trap: reason=unstable_if action=reinterpret pc=0x000002351335203c method=java.net.URI$Parser.scan(IILjava/lang/String;)I @ 26 c2
Event: 44.256 Thread 0x0000023501a9ed20 DEOPT PACKING pc=0x000002351335203c sp=0x000000489eafd750
Event: 44.256 Thread 0x0000023501a9ed20 DEOPT UNPACKING pc=0x0000023512d846a2 sp=0x000000489eafd6e0 mode 2

Classes loaded (20 events):
Event: 4.330 Loading class java/nio/channels/SelectionKey
Event: 4.330 Loading class java/nio/channels/SelectionKey done
Event: 4.330 Loading class java/nio/channels/spi/AbstractSelectionKey done
Event: 4.330 Loading class sun/nio/ch/SelectionKeyImpl done
Event: 4.330 Loading class java/lang/invoke/ConstantBootstraps
Event: 4.330 Loading class java/lang/invoke/ConstantBootstraps done
Event: 4.352 Loading class java/nio/channels/spi/AbstractSelector$1
Event: 4.352 Loading class java/nio/channels/spi/AbstractSelector$1 done
Event: 4.406 Loading class java/nio/channels/AsynchronousCloseException
Event: 4.406 Loading class java/nio/channels/ClosedChannelException
Event: 4.406 Loading class java/nio/channels/ClosedChannelException done
Event: 4.406 Loading class java/nio/channels/AsynchronousCloseException done
Event: 38.305 Loading class java/lang/invoke/MethodHandle$1
Event: 38.305 Loading class java/lang/invoke/MethodHandle$1 done
Event: 44.245 Loading class sun/net/ConnectionResetException
Event: 44.246 Loading class sun/net/ConnectionResetException done
Event: 44.249 Loading class java/io/BufferedReader
Event: 44.250 Loading class java/io/BufferedReader done
Event: 44.260 Loading class java/util/concurrent/ConcurrentLinkedQueue$Itr
Event: 44.260 Loading class java/util/concurrent/ConcurrentLinkedQueue$Itr done

Classes unloaded (0 events):
No events

Classes redefined (0 events):
No events

Internal exceptions (20 events):
Event: 1.044 Thread 0x0000023501a9ed20 Exception <a 'java/lang/NoSuchMethodError'{0x00000000ff53e9e0}: 'void java.lang.invoke.DelegatingMethodHandle$Holder.delegate(java.lang.Object, java.lang.Object, int, java.lang.Object)'> (0x00000000ff53e9e0) 
thrown [s\open\src\hotspot\share\interpreter\linkResolver.cpp, line 773]
Event: 1.045 Thread 0x0000023501a9ed20 Exception <a 'java/lang/NoSuchMethodError'{0x00000000ff5427d0}: 'int java.lang.invoke.DirectMethodHandle$Holder.invokeSpecial(java.lang.Object, java.lang.Object, java.lang.Object)'> (0x00000000ff5427d0) 
thrown [s\open\src\hotspot\share\interpreter\linkResolver.cpp, line 773]
Event: 1.079 Thread 0x0000023501a9ed20 Exception <a 'java/lang/NoSuchMethodError'{0x00000000ff5e9100}: 'java.lang.Object java.lang.invoke.DirectMethodHandle$Holder.invokeVirtual(java.lang.Object, java.lang.Object, java.lang.Object)'> (0x00000000ff5e9100) 
thrown [s\open\src\hotspot\share\interpreter\linkResolver.cpp, line 773]
Event: 1.209 Thread 0x0000023501a9ed20 Exception <a 'java/lang/NoSuchMethodError'{0x00000000fef5b470}: 'java.lang.Object java.lang.invoke.DirectMethodHandle$Holder.invokeVirtual(java.lang.Object, java.lang.Object, java.lang.Object, java.lang.Object)'> (0x00000000fef5b470) 
thrown [s\open\src\hotspot\share\interpreter\linkResolver.cpp, line 773]
Event: 1.229 Thread 0x0000023501a9ed20 Exception <a 'java/lang/NoSuchMethodError'{0x00000000fefde458}: 'java.lang.Object java.lang.invoke.DirectMethodHandle$Holder.invokeVirtual(java.lang.Object, java.lang.Object, java.lang.Object, java.lang.Object, java.lang.Object, java.lang.Object)'> (0x00000000fefde458) 
thrown [s\open\src\hotspot\share\interpreter\linkResolver.cpp, line 773]
Event: 1.360 Thread 0x0000023501a9ed20 Exception <a 'java/lang/NoSuchMethodError'{0x00000000febe9860}: 'java.lang.Object java.lang.invoke.DirectMethodHandle$Holder.invokeVirtual(java.lang.Object, java.lang.Object, java.lang.Object, java.lang.Object, java.lang.Object)'> (0x00000000febe9860) 
thrown [s\open\src\hotspot\share\interpreter\linkResolver.cpp, line 773]
Event: 1.363 Thread 0x0000023501a9ed20 Exception <a 'java/lang/NoSuchMethodError'{0x00000000febfca60}: 'java.lang.Object java.lang.invoke.Invokers$Holder.invokeExact_MT(java.lang.Object, java.lang.Object, java.lang.Object, java.lang.Object, java.lang.Object, java.lang.Object)'> (0x00000000febfca60) 
thrown [s\open\src\hotspot\share\interpreter\linkResolver.cpp, line 773]
Event: 1.403 Thread 0x0000023501a9ed20 Exception <a 'java/lang/NoSuchMethodError'{0x00000000fe973a98}: 'java.lang.Object java.lang.invoke.DirectMethodHandle$Holder.invokeVirtual(java.lang.Object, java.lang.Object, java.lang.Object, java.lang.Object, java.lang.Object, java.lang.Object, java.lang.Object, java.lang.Object)'> (0x00000000fe973a98) 
thrown [s\open\src\hotspot\share\interpreter\linkResolver.cpp, line 773]
Event: 1.439 Thread 0x0000023501a9ed20 Exception <a 'java/lang/NoSuchMethodError'{0x00000000fffe38b0}: 'java.lang.Object java.lang.invoke.DirectMethodHandle$Holder.invokeStaticInit(java.lang.Object, int, int, int, int)'> (0x00000000fffe38b0) 
thrown [s\open\src\hotspot\share\interpreter\linkResolver.cpp, line 773]
Event: 1.462 Thread 0x0000023501a9ed20 Exception <a 'java/lang/NoSuchMethodError'{0x00000000ffe17d20}: 'java.lang.Object java.lang.invoke.DirectMethodHandle$Holder.invokeStaticInit(java.lang.Object, java.lang.Object, int, int, int, int)'> (0x00000000ffe17d20) 
thrown [s\open\src\hotspot\share\interpreter\linkResolver.cpp, line 773]
Event: 1.506 Thread 0x0000023501a9ed20 Implicit null exception at 0x000002351330a6a0 to 0x000002351330ac68
Event: 1.506 Thread 0x0000023501a9ed20 Implicit null exception at 0x000002351331c5a0 to 0x000002351331cc3c
Event: 1.524 Thread 0x0000023501a9ed20 Exception <a 'java/lang/NoSuchMethodError'{0x00000000ffd267d8}: 'void java.lang.invoke.DirectMethodHandle$Holder.invokeInterface(java.lang.Object, java.lang.Object, java.lang.Object)'> (0x00000000ffd267d8) 
thrown [s\open\src\hotspot\share\interpreter\linkResolver.cpp, line 773]
Event: 1.725 Thread 0x000002356352a730 Exception <a 'java/lang/NoSuchMethodError'{0x00000000ff9d7268}: 'void java.lang.invoke.DirectMethodHandle$Holder.invokeStatic(java.lang.Object, long)'> (0x00000000ff9d7268) 
thrown [s\open\src\hotspot\share\interpreter\linkResolver.cpp, line 773]
Event: 1.725 Thread 0x000002356352a730 Exception <a 'java/lang/NoSuchMethodError'{0x00000000ff9dc460}: 'java.lang.Object java.lang.invoke.DirectMethodHandle$Holder.newInvokeSpecial(java.lang.Object, long)'> (0x00000000ff9dc460) 
thrown [s\open\src\hotspot\share\interpreter\linkResolver.cpp, line 773]
Event: 1.727 Thread 0x000002356352a730 Exception <a 'java/lang/NoSuchMethodError'{0x00000000ff9e3130}: 'java.lang.Object java.lang.invoke.DirectMethodHandle$Holder.invokeStatic(java.lang.Object, long, java.lang.Object)'> (0x00000000ff9e3130) 
thrown [s\open\src\hotspot\share\interpreter\linkResolver.cpp, line 773]
Event: 1.728 Thread 0x000002356352a730 Exception <a 'java/lang/NoSuchMethodError'{0x00000000ff9e68b8}: 'java.lang.Object java.lang.invoke.DirectMethodHandle$Holder.invokeStaticInit(java.lang.Object, long, java.lang.Object)'> (0x00000000ff9e68b8) 
thrown [s\open\src\hotspot\share\interpreter\linkResolver.cpp, line 773]
Event: 44.246 Thread 0x0000023501a9ed20 Exception <a 'sun/net/ConnectionResetException'{0x00000000ff6b85d0}: Connection reset> (0x00000000ff6b85d0) 
thrown [s\open\src\hotspot\share\prims\jni.cpp, line 539]
Event: 44.253 Thread 0x0000023501a9ed20 Exception <a 'java/lang/NoSuchMethodError'{0x00000000ff5f1fc0}: 'int java.lang.invoke.DirectMethodHandle$Holder.invokeVirtual(java.lang.Object, java.lang.Object)'> (0x00000000ff5f1fc0) 
thrown [s\open\src\hotspot\share\interpreter\linkResolver.cpp, line 773]
Event: 44.258 Thread 0x0000023563d3bff0 Exception <a 'java/io/IOException'{0x00000000ff6cb658}: Connection reset by peer> (0x00000000ff6cb658) 
thrown [s\open\src\hotspot\share\prims\jni.cpp, line 539]

ZGC Phase Switch (0 events):
No events

VM Operations (20 events):
Event: 27.491 Executing VM operation: Cleanup
Event: 27.491 Executing VM operation: Cleanup done
Event: 33.547 Executing VM operation: Cleanup
Event: 33.547 Executing VM operation: Cleanup done
Event: 34.560 Executing VM operation: Cleanup
Event: 34.560 Executing VM operation: Cleanup done
Event: 35.573 Executing VM operation: Cleanup
Event: 35.573 Executing VM operation: Cleanup done
Event: 36.574 Executing VM operation: Cleanup
Event: 36.574 Executing VM operation: Cleanup done
Event: 37.582 Executing VM operation: Cleanup
Event: 37.582 Executing VM operation: Cleanup done
Event: 39.593 Executing VM operation: Cleanup
Event: 39.593 Executing VM operation: Cleanup done
Event: 40.607 Executing VM operation: Cleanup
Event: 40.607 Executing VM operation: Cleanup done
Event: 41.621 Executing VM operation: Cleanup
Event: 41.621 Executing VM operation: Cleanup done
Event: 43.639 Executing VM operation: Cleanup
Event: 43.639 Executing VM operation: Cleanup done

Events (20 events):
Event: 0.040 Thread 0x000002351d4ce490 Thread added: 0x000002351d4ce490
Event: 0.040 Thread 0x000002351d4d1300 Thread added: 0x000002351d4d1300
Event: 0.040 Thread 0x000002351d4de390 Thread added: 0x000002351d4de390
Event: 0.041 Thread 0x000002351d4e1240 Thread added: 0x000002351d4e1240
Event: 0.064 Thread 0x000002351d73d150 Thread added: 0x000002351d73d150
Event: 0.067 Thread 0x000002351d75f850 Thread added: 0x000002351d75f850
Event: 0.587 Thread 0x000002351da22b10 Thread added: 0x000002351da22b10
Event: 1.132 Thread 0x0000023563570370 Thread added: 0x0000023563570370
Event: 1.719 Thread 0x000002356352a730 Thread added: 0x000002356352a730
Event: 1.733 Thread 0x0000023563d3ec30 Thread added: 0x0000023563d3ec30
Event: 1.734 Thread 0x0000023563d3f2a0 Thread added: 0x0000023563d3f2a0
Event: 1.735 Thread 0x0000023563d3ec30 Thread exited: 0x0000023563d3ec30
Event: 1.947 Thread 0x000002351da22b10 Thread exited: 0x000002351da22b10
Event: 4.204 Thread 0x000002356352a730 Thread exited: 0x000002356352a730
Event: 4.205 Thread 0x0000023563d3f2a0 Thread exited: 0x0000023563d3f2a0
Event: 4.252 Thread 0x0000023563d3f240 Thread added: 0x0000023563d3f240
Event: 4.406 Thread 0x0000023563d3dd80 Thread added: 0x0000023563d3dd80
Event: 4.407 Thread 0x0000023563d3bff0 Thread added: 0x0000023563d3bff0
Event: 5.200 Thread 0x0000023563d3f240 Thread exited: 0x0000023563d3f240
Event: 44.259 Thread 0x0000023563d3bff0 Thread exited: 0x0000023563d3bff0


Dynamic libraries:
0x00007ff76de60000 - 0x00007ff76de70000 	C:\Users\Farrel\AppData\Local\jdk-21\bin\java.exe
0x00007ffae7c70000 - 0x00007ffae7e68000 	C:\Windows\SYSTEM32\ntdll.dll
0x00007ffae7010000 - 0x00007ffae70cd000 	C:\Windows\System32\KERNEL32.DLL
0x00007ffae53c0000 - 0x00007ffae56b6000 	C:\Windows\System32\KERNELBASE.dll
0x00007ffae5ba0000 - 0x00007ffae5ca0000 	C:\Windows\System32\ucrtbase.dll
0x00007ffadab00000 - 0x00007ffadab1b000 	C:\Users\Farrel\AppData\Local\jdk-21\bin\VCRUNTIME140.dll
0x00007ffade340000 - 0x00007ffade359000 	C:\Users\Farrel\AppData\Local\jdk-21\bin\jli.dll
0x00007ffae6590000 - 0x00007ffae6640000 	C:\Windows\System32\ADVAPI32.dll
0x00007ffae60a0000 - 0x00007ffae613e000 	C:\Windows\System32\msvcrt.dll
0x00007ffae6140000 - 0x00007ffae61e0000 	C:\Windows\System32\sechost.dll
0x00007ffae5db0000 - 0x00007ffae5ed3000 	C:\Windows\System32\RPCRT4.dll
0x00007ffae5320000 - 0x00007ffae5347000 	C:\Windows\System32\bcrypt.dll
0x00007ffae7550000 - 0x00007ffae76ef000 	C:\Windows\System32\USER32.dll
0x00007ffad1740000 - 0x00007ffad19da000 	C:\Windows\WinSxS\amd64_microsoft.windows.common-controls_6595b64144ccf1df_6.0.19041.4355_none_60b8b9eb71f62e16\COMCTL32.dll
0x00007ffae5760000 - 0x00007ffae5782000 	C:\Windows\System32\win32u.dll
0x00007ffae5ca0000 - 0x00007ffae5ccb000 	C:\Windows\System32\GDI32.dll
0x00007ffae59f0000 - 0x00007ffae5b07000 	C:\Windows\System32\gdi32full.dll
0x00007ffae56c0000 - 0x00007ffae575d000 	C:\Windows\System32\msvcp_win.dll
0x00007ffadf6c0000 - 0x00007ffadf6ca000 	C:\Windows\SYSTEM32\VERSION.dll
0x00007ffae6fd0000 - 0x00007ffae7002000 	C:\Windows\System32\IMM32.DLL
0x00007ffae0ff0000 - 0x00007ffae0ffc000 	C:\Users\Farrel\AppData\Local\jdk-21\bin\vcruntime140_1.dll
0x00007ffaad740000 - 0x00007ffaad7ce000 	C:\Users\Farrel\AppData\Local\jdk-21\bin\msvcp140.dll
0x00007ffaa1f20000 - 0x00007ffaa2c2d000 	C:\Users\Farrel\AppData\Local\jdk-21\bin\server\jvm.dll
0x00007ffae64c0000 - 0x00007ffae652b000 	C:\Windows\System32\WS2_32.dll
0x00007ffae4850000 - 0x00007ffae489b000 	C:\Windows\SYSTEM32\POWRPROF.dll
0x00007ffadee70000 - 0x00007ffadee97000 	C:\Windows\SYSTEM32\WINMM.dll
0x00007ffae4710000 - 0x00007ffae4722000 	C:\Windows\SYSTEM32\UMPDC.dll
0x00007ffae31a0000 - 0x00007ffae31b2000 	C:\Windows\SYSTEM32\kernel.appcore.dll
0x00007ffae0250000 - 0x00007ffae025a000 	C:\Users\Farrel\AppData\Local\jdk-21\bin\jimage.dll
0x00007ffacdd20000 - 0x00007ffacdf04000 	C:\Windows\SYSTEM32\DBGHELP.DLL
0x00007ffac0120000 - 0x00007ffac0154000 	C:\Windows\SYSTEM32\dbgcore.DLL
0x00007ffae5b10000 - 0x00007ffae5b92000 	C:\Windows\System32\bcryptPrimitives.dll
0x00007ffad5560000 - 0x00007ffad557f000 	C:\Users\Farrel\AppData\Local\jdk-21\bin\java.dll
0x00007ffae6640000 - 0x00007ffae6dab000 	C:\Windows\System32\SHELL32.dll
0x00007ffae33a0000 - 0x00007ffae3b3d000 	C:\Windows\SYSTEM32\windows.storage.dll
0x00007ffae7130000 - 0x00007ffae7483000 	C:\Windows\System32\combase.dll
0x00007ffae4d40000 - 0x00007ffae4d6e000 	C:\Windows\SYSTEM32\Wldp.dll
0x00007ffae7b60000 - 0x00007ffae7c2d000 	C:\Windows\System32\OLEAUT32.dll
0x00007ffae6410000 - 0x00007ffae64bd000 	C:\Windows\System32\SHCORE.dll
0x00007ffae70d0000 - 0x00007ffae7125000 	C:\Windows\System32\shlwapi.dll
0x00007ffae5250000 - 0x00007ffae5274000 	C:\Windows\SYSTEM32\profapi.dll
0x00007ffaa8b40000 - 0x00007ffaa8c17000 	C:\Users\Farrel\AppData\Local\jdk-21\bin\jsvml.dll
0x00007ffadf020000 - 0x00007ffadf030000 	C:\Users\Farrel\AppData\Local\jdk-21\bin\net.dll
0x00007ffadb970000 - 0x00007ffadba7a000 	C:\Windows\SYSTEM32\WINHTTP.dll
0x00007ffae4aa0000 - 0x00007ffae4b0a000 	C:\Windows\system32\mswsock.dll
0x00007ffad5490000 - 0x00007ffad54a6000 	C:\Users\Farrel\AppData\Local\jdk-21\bin\nio.dll
0x00007ffad4b20000 - 0x00007ffad4b38000 	C:\Users\Farrel\AppData\Local\jdk-21\bin\zip.dll
0x00007ffade510000 - 0x00007ffade520000 	C:\Users\Farrel\AppData\Local\jdk-21\bin\verify.dll
0x00007ffad4b90000 - 0x00007ffad4bb7000 	C:\Users\Farrel\.gradle\native\c067742578af261105cb4f569cf0c3c89f3d7b1fecec35dd04571415982c5e48\windows-amd64\native-platform.dll
0x00007ffade500000 - 0x00007ffade50a000 	C:\Users\Farrel\.gradle\native\jansi\1.18\windows64\jansi.dll
0x00007ffade330000 - 0x00007ffade33a000 	C:\Users\Farrel\AppData\Local\jdk-21\bin\management.dll
0x00007ffadd910000 - 0x00007ffadd91b000 	C:\Users\Farrel\AppData\Local\jdk-21\bin\management_ext.dll
0x00007ffae7490000 - 0x00007ffae7498000 	C:\Windows\System32\PSAPI.DLL
0x00007ffae4ca0000 - 0x00007ffae4cb8000 	C:\Windows\SYSTEM32\CRYPTSP.dll
0x00007ffae4350000 - 0x00007ffae4384000 	C:\Windows\system32\rsaenh.dll
0x00007ffae51c0000 - 0x00007ffae51ee000 	C:\Windows\SYSTEM32\USERENV.dll
0x00007ffae4c90000 - 0x00007ffae4c9c000 	C:\Windows\SYSTEM32\CRYPTBASE.dll
0x00007ffae4730000 - 0x00007ffae476b000 	C:\Windows\SYSTEM32\IPHLPAPI.DLL
0x00007ffae6090000 - 0x00007ffae6098000 	C:\Windows\System32\NSI.dll
0x00007ffadd3a0000 - 0x00007ffadd3a9000 	C:\Users\Farrel\AppData\Local\jdk-21\bin\extnet.dll
0x00007ffadd580000 - 0x00007ffadd58e000 	C:\Users\Farrel\AppData\Local\jdk-21\bin\sunmscapi.dll
0x00007ffae57e0000 - 0x00007ffae593e000 	C:\Windows\System32\CRYPT32.dll
0x00007ffae4db0000 - 0x00007ffae4dd9000 	C:\Windows\SYSTEM32\ncrypt.dll
0x00007ffae4d70000 - 0x00007ffae4dab000 	C:\Windows\SYSTEM32\NTASN1.dll
0x00007ffacfb30000 - 0x00007ffacfb37000 	C:\Windows\system32\wshunix.dll

dbghelp: loaded successfully - version: 4.0.5 - missing functions: none
symbol engine: initialized successfully - sym options: 0x614 - pdb path: .;C:\Users\Farrel\AppData\Local\jdk-21\bin;C:\Windows\SYSTEM32;C:\Windows\WinSxS\amd64_microsoft.windows.common-controls_6595b64144ccf1df_6.0.19041.4355_none_60b8b9eb71f62e16;C:\Users\Farrel\AppData\Local\jdk-21\bin\server;C:\Users\Farrel\.gradle\native\c067742578af261105cb4f569cf0c3c89f3d7b1fecec35dd04571415982c5e48\windows-amd64;C:\Users\Farrel\.gradle\native\jansi\1.18\windows64

VM Arguments:
jvm_args: -Xmx64m -Xms64m -Dorg.gradle.appname=gradlew 
java_command: org.gradle.wrapper.GradleWrapperMain app:installDebug -PreactNativeDevServerPort=8081
java_class_path (initial): E:\KULIAH\SEMESTER 6\APLIKASI MOBILE\fpmob\android\\gradle\wrapper\gradle-wrapper.jar
Launcher Type: SUN_STANDARD

[Global flags]
     intx CICompilerCount                          = 3                                         {product} {ergonomic}
     uint ConcGCThreads                            = 1                                         {product} {ergonomic}
     uint G1ConcRefinementThreads                  = 4                                         {product} {ergonomic}
   size_t G1HeapRegionSize                         = 1048576                                   {product} {ergonomic}
    uintx GCDrainStackTargetSize                   = 64                                        {product} {ergonomic}
   size_t InitialHeapSize                          = 67108864                                  {product} {command line}
   size_t MarkStackSize                            = 4194304                                   {product} {ergonomic}
   size_t MaxHeapSize                              = 67108864                                  {product} {command line}
   size_t MaxNewSize                               = 39845888                                  {product} {ergonomic}
   size_t MinHeapDeltaBytes                        = 1048576                                   {product} {ergonomic}
   size_t MinHeapSize                              = 67108864                                  {product} {command line}
    uintx NonNMethodCodeHeapSize                   = 5832780                                {pd product} {ergonomic}
    uintx NonProfiledCodeHeapSize                  = 122912730                              {pd product} {ergonomic}
    uintx ProfiledCodeHeapSize                     = 122912730                              {pd product} {ergonomic}
    uintx ReservedCodeCacheSize                    = 251658240                              {pd product} {ergonomic}
     bool SegmentedCodeCache                       = true                                      {product} {ergonomic}
   size_t SoftMaxHeapSize                          = 67108864                               {manageable} {ergonomic}
     bool UseCompressedOops                        = true                           {product lp64_product} {ergonomic}
     bool UseG1GC                                  = true                                      {product} {ergonomic}
     bool UseLargePagesIndividualAllocation        = false                                  {pd product} {ergonomic}

Logging:
Log output configuration:
 #0: stdout all=warning uptime,level,tags foldmultilines=false
 #1: stderr all=off uptime,level,tags foldmultilines=false

Environment Variables:
JAVA_HOME=C:\Users\Farrel\AppData\Local\jdk-21
CLASSPATH=E:\KULIAH\SEMESTER 6\APLIKASI MOBILE\fpmob\android\\gradle\wrapper\gradle-wrapper.jar
PATH=C:\Users\Farrel\AppData\Local\Temp\xfs-1a86f815;C:\Program Files\Common Files\Oracle\Java\javapath;C:\Program Files\Microsoft\jdk-17.0.10.7-hotspot\bin;C:\Program Files\Eclipse Adoptium\jdk-11.0.22.7-hotspot\bin;C:\Program Files (x86)\Common Files\Intel\Shared Libraries\redist\intel64\compiler;C:\Program Files (x86)\Razer\ChromaBroadcast\bin;C:\Program Files\Razer\ChromaBroadcast\bin;C:\Windows\system32;C:\Windows;C:\Windows\System32\Wbem;C:\Windows\System32\WindowsPowerShell\v1.0\;C:\Windows\System32\OpenSSH\;C:\Program Files\MySQL\MySQL Server 8.0\bin;C:\Windows\system32\config\systemprofile\AppData\Local\Microsoft\WindowsApps;C:\Program Files\Git\cmd;C:\Program Files\Cloudflare\Cloudflare WARP\;C:\Program Files\dotnet\;%JAVAHOME%;%JAVAHOME%\bin;C:\Program Files (x86)\NVIDIA Corporation\PhysX\Common;C:\ProgramData\chocolatey\bin;D:\runtime\win64;D:\bin;C:\xampp\php;C:\composer;C:\Program Files\nodejs\;C:\Users\Farrel\AppData\Local\Android\Sdk\platform-tools;C:\Users\Farrel\AppData\Roaming\npm\node_modules\yarn\bin;C:\Users\Farrel\AppData\Local\jdk-11.0.2\bin;C:\Users\Farrel\AppData\Local\Android\Sdk\tools;C:\Users\Farrel\AppData\Local\Microsoft\WindowsApps;C:\Users\Farrel\AppData\Local\Programs\Microsoft VS Code\bin;C:\Program Files (x86)\Brackets\;C:\Users\Farrel\AppData\Local\GitHubDesktop\bin;%JAVAHOME%;%JAVAHOME%\bin;C:\Users\Farrel\AppData\Local\jdk-21;C:\Users\Farrel\AppData\Roaming\Composer\vendor\bin;C:\Users\Farrel\AppData\Local\Android\Sdk\platform-tools;C:\Users\Farrel\AppData\Roaming\npm\node_modules\yarn\bin;C:\Program Files\Java\jdk-21\bin;
USERNAME=Farrel
LANG=en_US.UTF-8
OS=Windows_NT
PROCESSOR_IDENTIFIER=Intel64 Family 6 Model 142 Stepping 9, GenuineIntel
TMP=C:\Users\Farrel\AppData\Local\Temp
TEMP=C:\Users\Farrel\AppData\Local\Temp




Periodic native trim disabled

---------------  S Y S T E M  ---------------

OS:
 Windows 10 , 64 bit Build 19041 (10.0.19041.3636)
OS uptime: 3 days 15:51 hours

CPU: total 4 (initial active 4) (2 cores per cpu, 2 threads per core) family 6 model 142 stepping 9 microcode 0xb4, cx8, cmov, fxsr, ht, mmx, 3dnowpref, sse, sse2, sse3, ssse3, sse4.1, sse4.2, popcnt, lzcnt, tsc, tscinvbit, avx, avx2, aes, erms, clmul, bmi1, bmi2, adx, fma, vzeroupper, clflush, clflushopt, rdtscp, f16c
Processor Information for all 4 processors :
  Max Mhz: 2712, Current Mhz: 2511, Mhz Limit: 2495

Memory: 4k page, system-wide physical 12168M (2917M free)
TotalPageFile size 14216M (AvailPageFile size 651M)
current process WorkingSet (physical memory assigned to process): 93M, peak: 99M
current process commit charge ("private bytes"): 157M, peak: 163M

vm_info: Java HotSpot(TM) 64-Bit Server VM (21.0.3+7-LTS-152) for windows-amd64 JRE (21.0.3+7-LTS-152), built on 2024-03-11T17:42:26Z by "mach5one" with MS VC++ 17.6 (VS2022)

END.
